
**** Build of configuration Release for project CSL_USB_IsoHighSpeedExample_Out ****

"C:\\Users\\Alex\\ccsv5\\utils\\bin\\gmake" -k all 
'Building file: C:/Users/Alex/USB Audio Class/build/VC5505_CSL_BIOS_cfg.tcf'
'Invoking: TConf Script Compiler'
"C:/xdctools_3_22_01_21/tconf" -b -Dconfig.importPath="C:/Users/Alex/bios_5_42_00_07/packages;" "C:/Users/Alex/USB Audio Class/build/VC5505_CSL_BIOS_cfg.tcf"
(if ($1 == "all") {self.Ier0Mask = 0xffff} else {if ($1 == "self") {if (self.iId < 16) {self.Ier0Mask = (1 << self.iId)} else {self.warning("This Interrupt is NOT maskable via IER0").Ier0Mask = 0}} else {if ($1 == "none") {self.Ier0Mask = 0} }}, self.iIer0Mask = $1, "ok")
   self.warning("This Interrupt is NOT maskable via IER0").Ier0Mask
   ==> err
(if ($1 == "all") {self.Ier0Mask = 0xffff} else {if ($1 == "self") {if (self.iId < 16) {self.Ier0Mask = (1 << self.iId)} else {self.warning("This Interrupt is NOT maskable via IER0").Ier0Mask = 0}} else {if ($1 == "none") {self.Ier0Mask = 0} }}, self.iIer0Mask = $1, "ok")
   self.warning("This Interrupt is NOT maskable via IER0").Ier0Mask = 0
   ==> err
(if ($1 == "all") {self.Ier0Mask = 0xffff} else {if ($1 == "self") {if (self.iId < 16) {self.Ier0Mask = (1 << self.iId)} else {self.warning("This Interrupt is NOT maskable via IER0").Ier0Mask = 0}} else {if ($1 == "none") {self.Ier0Mask = 0} }}, self.iIer0Mask = $1, "ok")
   if (self.iId < 16) {self.Ier0Mask = (1 << self.iId)} else {self.warning("This Interrupt is NOT maskable via IER0").Ier0Mask = 0}
   ==> err
(if ($1 == "all") {self.Ier0Mask = 0xffff} else {if ($1 == "self") {if (self.iId < 16) {self.Ier0Mask = (1 << self.iId)} else {self.warning("This Interrupt is NOT maskable via IER0").Ier0Mask = 0}} else {if ($1 == "none") {self.Ier0Mask = 0} }}, self.iIer0Mask = $1, "ok")
   if ($1 == "self") {if (self.iId < 16) {self.Ier0Mask = (1 << self.iId)} else {self.warning("This Interrupt is NOT maskable via IER0").Ier0Mask = 0}} else {if ($1 == "none") {self.Ier0Mask = 0} }
   ==> err
(if ($1 == "all") {self.Ier0Mask = 0xffff} else {if ($1 == "self") {if (self.iId < 16) {self.Ier0Mask = (1 << self.iId)} else {self.warning("This Interrupt is NOT maskable via IER0").Ier0Mask = 0}} else {if ($1 == "none") {self.Ier0Mask = 0} }}, self.iIer0Mask = $1, "ok")
   if ($1 == "all") {self.Ier0Mask = 0xffff} else {if ($1 == "self") {if (self.iId < 16) {self.Ier0Mask = (1 << self.iId)} else {self.warning("This Interrupt is NOT maskable via IER0").Ier0Mask = 0}} else {if ($1 == "none") {self.Ier0Mask = 0} }}
   ==> err
'Finished building: C:/Users/Alex/USB Audio Class/build/VC5505_CSL_BIOS_cfg.tcf'
' '
'Building file: VC5505_CSL_BIOS_cfg.s??'
'Invoking: C5500 Compiler'
"C:/Users/Alex/ccsv5/tools/compiler/c5500_4.4.1/bin/cl55" -vcpu:3.3 -g -O3 --define="BIOS_BUILD" --define="USE_THREE_CODEC" --define=" C5535_EZDSP_DEMO" --define="CSL_AC_TEST" --define="PLAY_RECORD" --define="SAMP_24BIT" --include_path="C:/Users/Alex/ccsv5/tools/compiler/c5500_4.4.1/include" --include_path="C:/Users/Alex/USB Audio Class/dsplib/inc" --include_path="C:/Users/Alex/USB Audio Class/build/CSL_USB_IsoHighSpeedExample_Out/Release" --include_path="C:/Users/Alex/bios_5_42_00_07/packages/ti/bios/include" --include_path="C:/Users/Alex/bios_5_42_00_07/packages/ti/rtdx/include/c5500" --include_path="C:/Users/Alex/xdais_7_21_01_07/packages/ti/xdais" --include_path="C:/Users/Alex/USB Audio Class/build" --include_path="C:/Users/Alex/USB Audio Class/inc" --include_path="C:/Users/Alex/USB Audio Class/c55xx_csl/inc" --include_path="C:/Users/Alex/USB Audio Class/c55x5_drivers/inc" --include_path="C:/Users/Alex/USB Audio Class/c55x5_drivers/i2c/inc" --include_path="C:/Users/Alex/USB Audio Class/c55x5_drivers/i2s/inc" --include_path="C:/Users/Alex/USB Audio Class/c55x5_drivers/dma/inc" --include_path="C:/Users/Alex/USB Audio Class/c55x5_drivers/pal_os/inc" --diag_warning=225 --no_warnings --large_memory_model --algebraic --obj_directory="C:/Users/Alex/USB Audio Class/build/Release" --preproc_with_compile --preproc_dependency="VC5505_CSL_BIOS_cfg.pp"  "VC5505_CSL_BIOS_cfg.s??"
'Finished building: VC5505_CSL_BIOS_cfg.s??'
' '
'Building file: VC5505_CSL_BIOS_cfg_c.c'
'Invoking: C5500 Compiler'
"C:/Users/Alex/ccsv5/tools/compiler/c5500_4.4.1/bin/cl55" -vcpu:3.3 -g -O3 --define="BIOS_BUILD" --define="USE_THREE_CODEC" --define=" C5535_EZDSP_DEMO" --define="CSL_AC_TEST" --define="PLAY_RECORD" --define="SAMP_24BIT" --include_path="C:/Users/Alex/ccsv5/tools/compiler/c5500_4.4.1/include" --include_path="C:/Users/Alex/USB Audio Class/dsplib/inc" --include_path="C:/Users/Alex/USB Audio Class/build/CSL_USB_IsoHighSpeedExample_Out/Release" --include_path="C:/Users/Alex/bios_5_42_00_07/packages/ti/bios/include" --include_path="C:/Users/Alex/bios_5_42_00_07/packages/ti/rtdx/include/c5500" --include_path="C:/Users/Alex/xdais_7_21_01_07/packages/ti/xdais" --include_path="C:/Users/Alex/USB Audio Class/build" --include_path="C:/Users/Alex/USB Audio Class/inc" --include_path="C:/Users/Alex/USB Audio Class/c55xx_csl/inc" --include_path="C:/Users/Alex/USB Audio Class/c55x5_drivers/inc" --include_path="C:/Users/Alex/USB Audio Class/c55x5_drivers/i2c/inc" --include_path="C:/Users/Alex/USB Audio Class/c55x5_drivers/i2s/inc" --include_path="C:/Users/Alex/USB Audio Class/c55x5_drivers/dma/inc" --include_path="C:/Users/Alex/USB Audio Class/c55x5_drivers/pal_os/inc" --diag_warning=225 --no_warnings --large_memory_model --algebraic --obj_directory="C:/Users/Alex/USB Audio Class/build/Release" --preproc_with_compile --preproc_dependency="VC5505_CSL_BIOS_cfg_c.pp"  "VC5505_CSL_BIOS_cfg_c.c"
'Finished building: VC5505_CSL_BIOS_cfg_c.c'
' '
'Building file: C:/Users/Alex/USB Audio Class/src/app_asrc.c'
'Invoking: C5500 Compiler'
"C:/Users/Alex/ccsv5/tools/compiler/c5500_4.4.1/bin/cl55" -vcpu:3.3 -g -O3 --define="BIOS_BUILD" --define="USE_THREE_CODEC" --define=" C5535_EZDSP_DEMO" --define="CSL_AC_TEST" --define="PLAY_RECORD" --define="SAMP_24BIT" --include_path="C:/Users/Alex/ccsv5/tools/compiler/c5500_4.4.1/include" --include_path="C:/Users/Alex/USB Audio Class/dsplib/inc" --include_path="C:/Users/Alex/USB Audio Class/build/CSL_USB_IsoHighSpeedExample_Out/Release" --include_path="C:/Users/Alex/bios_5_42_00_07/packages/ti/bios/include" --include_path="C:/Users/Alex/bios_5_42_00_07/packages/ti/rtdx/include/c5500" --include_path="C:/Users/Alex/xdais_7_21_01_07/packages/ti/xdais" --include_path="C:/Users/Alex/USB Audio Class/build" --include_path="C:/Users/Alex/USB Audio Class/inc" --include_path="C:/Users/Alex/USB Audio Class/c55xx_csl/inc" --include_path="C:/Users/Alex/USB Audio Class/c55x5_drivers/inc" --include_path="C:/Users/Alex/USB Audio Class/c55x5_drivers/i2c/inc" --include_path="C:/Users/Alex/USB Audio Class/c55x5_drivers/i2s/inc" --include_path="C:/Users/Alex/USB Audio Class/c55x5_drivers/dma/inc" --include_path="C:/Users/Alex/USB Audio Class/c55x5_drivers/pal_os/inc" --diag_warning=225 --no_warnings --large_memory_model --algebraic --obj_directory="C:/Users/Alex/USB Audio Class/build/Release" --preproc_with_compile --preproc_dependency="app_asrc.pp"  "C:/Users/Alex/USB Audio Class/src/app_asrc.c"
'Finished building: C:/Users/Alex/USB Audio Class/src/app_asrc.c'
' '
'Building file: C:/Users/Alex/USB Audio Class/src/app_audio_alg.c'
'Invoking: C5500 Compiler'
"C:/Users/Alex/ccsv5/tools/compiler/c5500_4.4.1/bin/cl55" -vcpu:3.3 -g -O3 --define="BIOS_BUILD" --define="USE_THREE_CODEC" --define=" C5535_EZDSP_DEMO" --define="CSL_AC_TEST" --define="PLAY_RECORD" --define="SAMP_24BIT" --include_path="C:/Users/Alex/ccsv5/tools/compiler/c5500_4.4.1/include" --include_path="C:/Users/Alex/USB Audio Class/dsplib/inc" --include_path="C:/Users/Alex/USB Audio Class/build/CSL_USB_IsoHighSpeedExample_Out/Release" --include_path="C:/Users/Alex/bios_5_42_00_07/packages/ti/bios/include" --include_path="C:/Users/Alex/bios_5_42_00_07/packages/ti/rtdx/include/c5500" --include_path="C:/Users/Alex/xdais_7_21_01_07/packages/ti/xdais" --include_path="C:/Users/Alex/USB Audio Class/build" --include_path="C:/Users/Alex/USB Audio Class/inc" --include_path="C:/Users/Alex/USB Audio Class/c55xx_csl/inc" --include_path="C:/Users/Alex/USB Audio Class/c55x5_drivers/inc" --include_path="C:/Users/Alex/USB Audio Class/c55x5_drivers/i2c/inc" --include_path="C:/Users/Alex/USB Audio Class/c55x5_drivers/i2s/inc" --include_path="C:/Users/Alex/USB Audio Class/c55x5_drivers/dma/inc" --include_path="C:/Users/Alex/USB Audio Class/c55x5_drivers/pal_os/inc" --diag_warning=225 --no_warnings --large_memory_model --algebraic --obj_directory="C:/Users/Alex/USB Audio Class/build/Release" --preproc_with_compile --preproc_dependency="app_audio_alg.pp"  "C:/Users/Alex/USB Audio Class/src/app_audio_alg.c"
'Finished building: C:/Users/Alex/USB Audio Class/src/app_audio_alg.c'
' '
'Building file: C:/Users/Alex/USB Audio Class/src/app_usb.c'
'Invoking: C5500 Compiler'
"C:/Users/Alex/ccsv5/tools/compiler/c5500_4.4.1/bin/cl55" -vcpu:3.3 -g -O3 --define="BIOS_BUILD" --define="USE_THREE_CODEC" --define=" C5535_EZDSP_DEMO" --define="CSL_AC_TEST" --define="PLAY_RECORD" --define="SAMP_24BIT" --include_path="C:/Users/Alex/ccsv5/tools/compiler/c5500_4.4.1/include" --include_path="C:/Users/Alex/USB Audio Class/dsplib/inc" --include_path="C:/Users/Alex/USB Audio Class/build/CSL_USB_IsoHighSpeedExample_Out/Release" --include_path="C:/Users/Alex/bios_5_42_00_07/packages/ti/bios/include" --include_path="C:/Users/Alex/bios_5_42_00_07/packages/ti/rtdx/include/c5500" --include_path="C:/Users/Alex/xdais_7_21_01_07/packages/ti/xdais" --include_path="C:/Users/Alex/USB Audio Class/build" --include_path="C:/Users/Alex/USB Audio Class/inc" --include_path="C:/Users/Alex/USB Audio Class/c55xx_csl/inc" --include_path="C:/Users/Alex/USB Audio Class/c55x5_drivers/inc" --include_path="C:/Users/Alex/USB Audio Class/c55x5_drivers/i2c/inc" --include_path="C:/Users/Alex/USB Audio Class/c55x5_drivers/i2s/inc" --include_path="C:/Users/Alex/USB Audio Class/c55x5_drivers/dma/inc" --include_path="C:/Users/Alex/USB Audio Class/c55x5_drivers/pal_os/inc" --diag_warning=225 --no_warnings --large_memory_model --algebraic --obj_directory="C:/Users/Alex/USB Audio Class/build/Release" --preproc_with_compile --preproc_dependency="app_usb.pp"  "C:/Users/Alex/USB Audio Class/src/app_usb.c"
'Finished building: C:/Users/Alex/USB Audio Class/src/app_usb.c'
' '
'Building file: C:/Users/Alex/USB Audio Class/src/app_usbac.c'
'Invoking: C5500 Compiler'
"C:/Users/Alex/ccsv5/tools/compiler/c5500_4.4.1/bin/cl55" -vcpu:3.3 -g -O3 --define="BIOS_BUILD" --define="USE_THREE_CODEC" --define=" C5535_EZDSP_DEMO" --define="CSL_AC_TEST" --define="PLAY_RECORD" --define="SAMP_24BIT" --include_path="C:/Users/Alex/ccsv5/tools/compiler/c5500_4.4.1/include" --include_path="C:/Users/Alex/USB Audio Class/dsplib/inc" --include_path="C:/Users/Alex/USB Audio Class/build/CSL_USB_IsoHighSpeedExample_Out/Release" --include_path="C:/Users/Alex/bios_5_42_00_07/packages/ti/bios/include" --include_path="C:/Users/Alex/bios_5_42_00_07/packages/ti/rtdx/include/c5500" --include_path="C:/Users/Alex/xdais_7_21_01_07/packages/ti/xdais" --include_path="C:/Users/Alex/USB Audio Class/build" --include_path="C:/Users/Alex/USB Audio Class/inc" --include_path="C:/Users/Alex/USB Audio Class/c55xx_csl/inc" --include_path="C:/Users/Alex/USB Audio Class/c55x5_drivers/inc" --include_path="C:/Users/Alex/USB Audio Class/c55x5_drivers/i2c/inc" --include_path="C:/Users/Alex/USB Audio Class/c55x5_drivers/i2s/inc" --include_path="C:/Users/Alex/USB Audio Class/c55x5_drivers/dma/inc" --include_path="C:/Users/Alex/USB Audio Class/c55x5_drivers/pal_os/inc" --diag_warning=225 --no_warnings --large_memory_model --algebraic --obj_directory="C:/Users/Alex/USB Audio Class/build/Release" --preproc_with_compile --preproc_dependency="app_usbac.pp"  "C:/Users/Alex/USB Audio Class/src/app_usbac.c"
'Finished building: C:/Users/Alex/USB Audio Class/src/app_usbac.c'
' '
'Building file: C:/Users/Alex/USB Audio Class/src/app_usbac_descs.c'
'Invoking: C5500 Compiler'
"C:/Users/Alex/ccsv5/tools/compiler/c5500_4.4.1/bin/cl55" -vcpu:3.3 -g -O3 --define="BIOS_BUILD" --define="USE_THREE_CODEC" --define=" C5535_EZDSP_DEMO" --define="CSL_AC_TEST" --define="PLAY_RECORD" --define="SAMP_24BIT" --include_path="C:/Users/Alex/ccsv5/tools/compiler/c5500_4.4.1/include" --include_path="C:/Users/Alex/USB Audio Class/dsplib/inc" --include_path="C:/Users/Alex/USB Audio Class/build/CSL_USB_IsoHighSpeedExample_Out/Release" --include_path="C:/Users/Alex/bios_5_42_00_07/packages/ti/bios/include" --include_path="C:/Users/Alex/bios_5_42_00_07/packages/ti/rtdx/include/c5500" --include_path="C:/Users/Alex/xdais_7_21_01_07/packages/ti/xdais" --include_path="C:/Users/Alex/USB Audio Class/build" --include_path="C:/Users/Alex/USB Audio Class/inc" --include_path="C:/Users/Alex/USB Audio Class/c55xx_csl/inc" --include_path="C:/Users/Alex/USB Audio Class/c55x5_drivers/inc" --include_path="C:/Users/Alex/USB Audio Class/c55x5_drivers/i2c/inc" --include_path="C:/Users/Alex/USB Audio Class/c55x5_drivers/i2s/inc" --include_path="C:/Users/Alex/USB Audio Class/c55x5_drivers/dma/inc" --include_path="C:/Users/Alex/USB Audio Class/c55x5_drivers/pal_os/inc" --diag_warning=225 --no_warnings --large_memory_model --algebraic --obj_directory="C:/Users/Alex/USB Audio Class/build/Release" --preproc_with_compile --preproc_dependency="app_usbac_descs.pp"  "C:/Users/Alex/USB Audio Class/src/app_usbac_descs.c"
'Finished building: C:/Users/Alex/USB Audio Class/src/app_usbac_descs.c'
' '
'Building file: C:/Users/Alex/USB Audio Class/src/codec_aic3254.c'
'Invoking: C5500 Compiler'
"C:/Users/Alex/ccsv5/tools/compiler/c5500_4.4.1/bin/cl55" -vcpu:3.3 -g -O3 --define="BIOS_BUILD" --define="USE_THREE_CODEC" --define=" C5535_EZDSP_DEMO" --define="CSL_AC_TEST" --define="PLAY_RECORD" --define="SAMP_24BIT" --include_path="C:/Users/Alex/ccsv5/tools/compiler/c5500_4.4.1/include" --include_path="C:/Users/Alex/USB Audio Class/dsplib/inc" --include_path="C:/Users/Alex/USB Audio Class/build/CSL_USB_IsoHighSpeedExample_Out/Release" --include_path="C:/Users/Alex/bios_5_42_00_07/packages/ti/bios/include" --include_path="C:/Users/Alex/bios_5_42_00_07/packages/ti/rtdx/include/c5500" --include_path="C:/Users/Alex/xdais_7_21_01_07/packages/ti/xdais" --include_path="C:/Users/Alex/USB Audio Class/build" --include_path="C:/Users/Alex/USB Audio Class/inc" --include_path="C:/Users/Alex/USB Audio Class/c55xx_csl/inc" --include_path="C:/Users/Alex/USB Audio Class/c55x5_drivers/inc" --include_path="C:/Users/Alex/USB Audio Class/c55x5_drivers/i2c/inc" --include_path="C:/Users/Alex/USB Audio Class/c55x5_drivers/i2s/inc" --include_path="C:/Users/Alex/USB Audio Class/c55x5_drivers/dma/inc" --include_path="C:/Users/Alex/USB Audio Class/c55x5_drivers/pal_os/inc" --diag_warning=225 --no_warnings --large_memory_model --algebraic --obj_directory="C:/Users/Alex/USB Audio Class/build/Release" --preproc_with_compile --preproc_dependency="codec_aic3254.pp"  "C:/Users/Alex/USB Audio Class/src/codec_aic3254.c"
'Finished building: C:/Users/Alex/USB Audio Class/src/codec_aic3254.c'
' '
'Building file: C:/Users/Alex/USB Audio Class/src/codec_config.c'
'Invoking: C5500 Compiler'
"C:/Users/Alex/ccsv5/tools/compiler/c5500_4.4.1/bin/cl55" -vcpu:3.3 -g -O3 --define="BIOS_BUILD" --define="USE_THREE_CODEC" --define=" C5535_EZDSP_DEMO" --define="CSL_AC_TEST" --define="PLAY_RECORD" --define="SAMP_24BIT" --include_path="C:/Users/Alex/ccsv5/tools/compiler/c5500_4.4.1/include" --include_path="C:/Users/Alex/USB Audio Class/dsplib/inc" --include_path="C:/Users/Alex/USB Audio Class/build/CSL_USB_IsoHighSpeedExample_Out/Release" --include_path="C:/Users/Alex/bios_5_42_00_07/packages/ti/bios/include" --include_path="C:/Users/Alex/bios_5_42_00_07/packages/ti/rtdx/include/c5500" --include_path="C:/Users/Alex/xdais_7_21_01_07/packages/ti/xdais" --include_path="C:/Users/Alex/USB Audio Class/build" --include_path="C:/Users/Alex/USB Audio Class/inc" --include_path="C:/Users/Alex/USB Audio Class/c55xx_csl/inc" --include_path="C:/Users/Alex/USB Audio Class/c55x5_drivers/inc" --include_path="C:/Users/Alex/USB Audio Class/c55x5_drivers/i2c/inc" --include_path="C:/Users/Alex/USB Audio Class/c55x5_drivers/i2s/inc" --include_path="C:/Users/Alex/USB Audio Class/c55x5_drivers/dma/inc" --include_path="C:/Users/Alex/USB Audio Class/c55x5_drivers/pal_os/inc" --diag_warning=225 --no_warnings --large_memory_model --algebraic --obj_directory="C:/Users/Alex/USB Audio Class/build/Release" --preproc_with_compile --preproc_dependency="codec_config.pp"  "C:/Users/Alex/USB Audio Class/src/codec_config.c"
'Finished building: C:/Users/Alex/USB Audio Class/src/codec_config.c'
' '
'Building file: C:/Users/Alex/USB Audio Class/src/csl_usb_iso_highspeed_example.c'
'Invoking: C5500 Compiler'
"C:/Users/Alex/ccsv5/tools/compiler/c5500_4.4.1/bin/cl55" -vcpu:3.3 -g -O3 --define="BIOS_BUILD" --define="USE_THREE_CODEC" --define=" C5535_EZDSP_DEMO" --define="CSL_AC_TEST" --define="PLAY_RECORD" --define="SAMP_24BIT" --include_path="C:/Users/Alex/ccsv5/tools/compiler/c5500_4.4.1/include" --include_path="C:/Users/Alex/USB Audio Class/dsplib/inc" --include_path="C:/Users/Alex/USB Audio Class/build/CSL_USB_IsoHighSpeedExample_Out/Release" --include_path="C:/Users/Alex/bios_5_42_00_07/packages/ti/bios/include" --include_path="C:/Users/Alex/bios_5_42_00_07/packages/ti/rtdx/include/c5500" --include_path="C:/Users/Alex/xdais_7_21_01_07/packages/ti/xdais" --include_path="C:/Users/Alex/USB Audio Class/build" --include_path="C:/Users/Alex/USB Audio Class/inc" --include_path="C:/Users/Alex/USB Audio Class/c55xx_csl/inc" --include_path="C:/Users/Alex/USB Audio Class/c55x5_drivers/inc" --include_path="C:/Users/Alex/USB Audio Class/c55x5_drivers/i2c/inc" --include_path="C:/Users/Alex/USB Audio Class/c55x5_drivers/i2s/inc" --include_path="C:/Users/Alex/USB Audio Class/c55x5_drivers/dma/inc" --include_path="C:/Users/Alex/USB Audio Class/c55x5_drivers/pal_os/inc" --diag_warning=225 --no_warnings --large_memory_model --algebraic --obj_directory="C:/Users/Alex/USB Audio Class/build/Release" --preproc_with_compile --preproc_dependency="csl_usb_iso_highspeed_example.pp"  "C:/Users/Alex/USB Audio Class/src/csl_usb_iso_highspeed_example.c"
'Finished building: C:/Users/Alex/USB Audio Class/src/csl_usb_iso_highspeed_example.c'
' '
'Building file: C:/Users/Alex/USB Audio Class/src/dbg_sdram.c'
'Invoking: C5500 Compiler'
"C:/Users/Alex/ccsv5/tools/compiler/c5500_4.4.1/bin/cl55" -vcpu:3.3 -g -O3 --define="BIOS_BUILD" --define="USE_THREE_CODEC" --define=" C5535_EZDSP_DEMO" --define="CSL_AC_TEST" --define="PLAY_RECORD" --define="SAMP_24BIT" --include_path="C:/Users/Alex/ccsv5/tools/compiler/c5500_4.4.1/include" --include_path="C:/Users/Alex/USB Audio Class/dsplib/inc" --include_path="C:/Users/Alex/USB Audio Class/build/CSL_USB_IsoHighSpeedExample_Out/Release" --include_path="C:/Users/Alex/bios_5_42_00_07/packages/ti/bios/include" --include_path="C:/Users/Alex/bios_5_42_00_07/packages/ti/rtdx/include/c5500" --include_path="C:/Users/Alex/xdais_7_21_01_07/packages/ti/xdais" --include_path="C:/Users/Alex/USB Audio Class/build" --include_path="C:/Users/Alex/USB Audio Class/inc" --include_path="C:/Users/Alex/USB Audio Class/c55xx_csl/inc" --include_path="C:/Users/Alex/USB Audio Class/c55x5_drivers/inc" --include_path="C:/Users/Alex/USB Audio Class/c55x5_drivers/i2c/inc" --include_path="C:/Users/Alex/USB Audio Class/c55x5_drivers/i2s/inc" --include_path="C:/Users/Alex/USB Audio Class/c55x5_drivers/dma/inc" --include_path="C:/Users/Alex/USB Audio Class/c55x5_drivers/pal_os/inc" --diag_warning=225 --no_warnings --large_memory_model --algebraic --obj_directory="C:/Users/Alex/USB Audio Class/build/Release" --preproc_with_compile --preproc_dependency="dbg_sdram.pp"  "C:/Users/Alex/USB Audio Class/src/dbg_sdram.c"
'Finished building: C:/Users/Alex/USB Audio Class/src/dbg_sdram.c'
' '
'Building file: C:/Users/Alex/USB Audio Class/src/gpio_control.c'
'Invoking: C5500 Compiler'
"C:/Users/Alex/ccsv5/tools/compiler/c5500_4.4.1/bin/cl55" -vcpu:3.3 -g -O3 --define="BIOS_BUILD" --define="USE_THREE_CODEC" --define=" C5535_EZDSP_DEMO" --define="CSL_AC_TEST" --define="PLAY_RECORD" --define="SAMP_24BIT" --include_path="C:/Users/Alex/ccsv5/tools/compiler/c5500_4.4.1/include" --include_path="C:/Users/Alex/USB Audio Class/dsplib/inc" --include_path="C:/Users/Alex/USB Audio Class/build/CSL_USB_IsoHighSpeedExample_Out/Release" --include_path="C:/Users/Alex/bios_5_42_00_07/packages/ti/bios/include" --include_path="C:/Users/Alex/bios_5_42_00_07/packages/ti/rtdx/include/c5500" --include_path="C:/Users/Alex/xdais_7_21_01_07/packages/ti/xdais" --include_path="C:/Users/Alex/USB Audio Class/build" --include_path="C:/Users/Alex/USB Audio Class/inc" --include_path="C:/Users/Alex/USB Audio Class/c55xx_csl/inc" --include_path="C:/Users/Alex/USB Audio Class/c55x5_drivers/inc" --include_path="C:/Users/Alex/USB Audio Class/c55x5_drivers/i2c/inc" --include_path="C:/Users/Alex/USB Audio Class/c55x5_drivers/i2s/inc" --include_path="C:/Users/Alex/USB Audio Class/c55x5_drivers/dma/inc" --include_path="C:/Users/Alex/USB Audio Class/c55x5_drivers/pal_os/inc" --diag_warning=225 --no_warnings --large_memory_model --algebraic --obj_directory="C:/Users/Alex/USB Audio Class/build/Release" --preproc_with_compile --preproc_dependency="gpio_control.pp"  "C:/Users/Alex/USB Audio Class/src/gpio_control.c"
'Finished building: C:/Users/Alex/USB Audio Class/src/gpio_control.c'
' '
'Building file: C:/Users/Alex/USB Audio Class/src/i2s_sample.c'
'Invoking: C5500 Compiler'
"C:/Users/Alex/ccsv5/tools/compiler/c5500_4.4.1/bin/cl55" -vcpu:3.3 -g -O3 --define="BIOS_BUILD" --define="USE_THREE_CODEC" --define=" C5535_EZDSP_DEMO" --define="CSL_AC_TEST" --define="PLAY_RECORD" --define="SAMP_24BIT" --include_path="C:/Users/Alex/ccsv5/tools/compiler/c5500_4.4.1/include" --include_path="C:/Users/Alex/USB Audio Class/dsplib/inc" --include_path="C:/Users/Alex/USB Audio Class/build/CSL_USB_IsoHighSpeedExample_Out/Release" --include_path="C:/Users/Alex/bios_5_42_00_07/packages/ti/bios/include" --include_path="C:/Users/Alex/bios_5_42_00_07/packages/ti/rtdx/include/c5500" --include_path="C:/Users/Alex/xdais_7_21_01_07/packages/ti/xdais" --include_path="C:/Users/Alex/USB Audio Class/build" --include_path="C:/Users/Alex/USB Audio Class/inc" --include_path="C:/Users/Alex/USB Audio Class/c55xx_csl/inc" --include_path="C:/Users/Alex/USB Audio Class/c55x5_drivers/inc" --include_path="C:/Users/Alex/USB Audio Class/c55x5_drivers/i2c/inc" --include_path="C:/Users/Alex/USB Audio Class/c55x5_drivers/i2s/inc" --include_path="C:/Users/Alex/USB Audio Class/c55x5_drivers/dma/inc" --include_path="C:/Users/Alex/USB Audio Class/c55x5_drivers/pal_os/inc" --diag_warning=225 --no_warnings --large_memory_model --algebraic --obj_directory="C:/Users/Alex/USB Audio Class/build/Release" --preproc_with_compile --preproc_dependency="i2s_sample.pp"  "C:/Users/Alex/USB Audio Class/src/i2s_sample.c"
'Finished building: C:/Users/Alex/USB Audio Class/src/i2s_sample.c'
' '
'Building file: C:/Users/Alex/USB Audio Class/src/pll_control.c'
'Invoking: C5500 Compiler'
"C:/Users/Alex/ccsv5/tools/compiler/c5500_4.4.1/bin/cl55" -vcpu:3.3 -g -O3 --define="BIOS_BUILD" --define="USE_THREE_CODEC" --define=" C5535_EZDSP_DEMO" --define="CSL_AC_TEST" --define="PLAY_RECORD" --define="SAMP_24BIT" --include_path="C:/Users/Alex/ccsv5/tools/compiler/c5500_4.4.1/include" --include_path="C:/Users/Alex/USB Audio Class/dsplib/inc" --include_path="C:/Users/Alex/USB Audio Class/build/CSL_USB_IsoHighSpeedExample_Out/Release" --include_path="C:/Users/Alex/bios_5_42_00_07/packages/ti/bios/include" --include_path="C:/Users/Alex/bios_5_42_00_07/packages/ti/rtdx/include/c5500" --include_path="C:/Users/Alex/xdais_7_21_01_07/packages/ti/xdais" --include_path="C:/Users/Alex/USB Audio Class/build" --include_path="C:/Users/Alex/USB Audio Class/inc" --include_path="C:/Users/Alex/USB Audio Class/c55xx_csl/inc" --include_path="C:/Users/Alex/USB Audio Class/c55x5_drivers/inc" --include_path="C:/Users/Alex/USB Audio Class/c55x5_drivers/i2c/inc" --include_path="C:/Users/Alex/USB Audio Class/c55x5_drivers/i2s/inc" --include_path="C:/Users/Alex/USB Audio Class/c55x5_drivers/dma/inc" --include_path="C:/Users/Alex/USB Audio Class/c55x5_drivers/pal_os/inc" --diag_warning=225 --no_warnings --large_memory_model --algebraic --obj_directory="C:/Users/Alex/USB Audio Class/build/Release" --preproc_with_compile --preproc_dependency="pll_control.pp"  "C:/Users/Alex/USB Audio Class/src/pll_control.c"
'Finished building: C:/Users/Alex/USB Audio Class/src/pll_control.c'
' '
'Building file: C:/Users/Alex/USB Audio Class/src/user_interface.c'
'Invoking: C5500 Compiler'
"C:/Users/Alex/ccsv5/tools/compiler/c5500_4.4.1/bin/cl55" -vcpu:3.3 -g -O3 --define="BIOS_BUILD" --define="USE_THREE_CODEC" --define=" C5535_EZDSP_DEMO" --define="CSL_AC_TEST" --define="PLAY_RECORD" --define="SAMP_24BIT" --include_path="C:/Users/Alex/ccsv5/tools/compiler/c5500_4.4.1/include" --include_path="C:/Users/Alex/USB Audio Class/dsplib/inc" --include_path="C:/Users/Alex/USB Audio Class/build/CSL_USB_IsoHighSpeedExample_Out/Release" --include_path="C:/Users/Alex/bios_5_42_00_07/packages/ti/bios/include" --include_path="C:/Users/Alex/bios_5_42_00_07/packages/ti/rtdx/include/c5500" --include_path="C:/Users/Alex/xdais_7_21_01_07/packages/ti/xdais" --include_path="C:/Users/Alex/USB Audio Class/build" --include_path="C:/Users/Alex/USB Audio Class/inc" --include_path="C:/Users/Alex/USB Audio Class/c55xx_csl/inc" --include_path="C:/Users/Alex/USB Audio Class/c55x5_drivers/inc" --include_path="C:/Users/Alex/USB Audio Class/c55x5_drivers/i2c/inc" --include_path="C:/Users/Alex/USB Audio Class/c55x5_drivers/i2s/inc" --include_path="C:/Users/Alex/USB Audio Class/c55x5_drivers/dma/inc" --include_path="C:/Users/Alex/USB Audio Class/c55x5_drivers/pal_os/inc" --diag_warning=225 --no_warnings --large_memory_model --algebraic --obj_directory="C:/Users/Alex/USB Audio Class/build/Release" --preproc_with_compile --preproc_dependency="user_interface.pp"  "C:/Users/Alex/USB Audio Class/src/user_interface.c"
'Finished building: C:/Users/Alex/USB Audio Class/src/user_interface.c'
' '
'Building target: C:/Users/Alex/USB Audio Class/build/CSL_USB_IsoHighSpeedExample_Out/../../build/CSL_USB_IsoHighSpeedExample_Out/Release/CSL_USB_IsoHighSpeedExample_Out.out'
'Invoking: C5500 Linker'
"C:/Users/Alex/ccsv5/tools/compiler/c5500_4.4.1/bin/cl55" -vcpu:3.3 -g -O3 --define="BIOS_BUILD" --define="USE_THREE_CODEC" --define=" C5535_EZDSP_DEMO" --define="CSL_AC_TEST" --define="PLAY_RECORD" --define="SAMP_24BIT" --diag_warning=225 --no_warnings --large_memory_model --algebraic --obj_directory="C:/Users/Alex/USB Audio Class/build/Release" -z -m"C:/Users/Alex/USB Audio Class/build/CSL_USB_IsoHighSpeedExample_Out/Release/CSL_USB_IsoHighSpeedExample_Out.map" --warn_sections -i"C:/Users/Alex/ccsv5/tools/compiler/c5500_4.4.1/lib" -i"C:/Users/Alex/ccsv5/tools/compiler/c5500_4.4.1/include" -i"C:/Users/Alex/bios_5_42_00_07/packages/ti/rtdx/lib/c5500" -i"C:/Users/Alex/bios_5_42_00_07/packages/ti/bios/lib" -i"C:/Users/Alex/USB Audio Class/build/CSL_USB_IsoHighSpeedExample_Out" -i"C:/Users/Alex/USB Audio Class/c55x5_drivers/lib/Release" -i"C:/Users/Alex/USB Audio Class/c55xx_csl/lib/Release" -i"C:/Users/Alex/USB Audio Class/build" -i"/packages/ti/rtdx/lib/c5000" -i"C:/Users/Alex/USB Audio Class/asrc/lib" --reread_libs --xml_link_info="C:/Users/Alex/USB Audio Class/build/Release/link_info.xml" --rom_model -o "C:/Users/Alex/USB Audio Class/build/CSL_USB_IsoHighSpeedExample_Out/../../build/CSL_USB_IsoHighSpeedExample_Out/Release/CSL_USB_IsoHighSpeedExample_Out.out" -l"./VC5505_CSL_BIOS_cfg.cmd"  "C:/Users/Alex/USB Audio Class/build/UsbAcHighSpeed.cmd" "C:/Users/Alex/USB Audio Class/build/Release/user_interface.obj" "C:/Users/Alex/USB Audio Class/build/Release/pll_control.obj" "C:/Users/Alex/USB Audio Class/build/Release/i2s_sample.obj" "C:/Users/Alex/USB Audio Class/build/Release/gpio_control.obj" "C:/Users/Alex/USB Audio Class/build/Release/dbg_sdram.obj" "C:/Users/Alex/USB Audio Class/build/Release/csl_usb_iso_highspeed_example.obj" "C:/Users/Alex/USB Audio Class/build/Release/codec_config.obj" "C:/Users/Alex/USB Audio Class/build/Release/codec_aic3254.obj" "C:/Users/Alex/USB Audio Class/build/Release/app_usbac_descs.obj" "C:/Users/Alex/USB Audio Class/build/Release/app_usbac.obj" "C:/Users/Alex/USB Audio Class/build/Release/app_usb.obj" "C:/Users/Alex/USB Audio Class/build/Release/app_audio_alg.obj" "C:/Users/Alex/USB Audio Class/build/Release/app_asrc.obj" "C:/Users/Alex/USB Audio Class/build/Release/VC5505_CSL_BIOS_cfg_c.obj" "C:/Users/Alex/USB Audio Class/build/Release/VC5505_CSL_BIOS_cfg.obj" -l"dma_bios_drv_lib.lib" -l"C:\Users\Alex\ezdsp5535_v1\lib\ezdsp5535bsl.lib" -l"C:\Users\Alex\USB Audio Class\dsplib\lib\55xdspx.lib" -l"i2c_bios_drv_lib.lib" -l"i2s_bios_drv_lib.lib" -l"palos_bios_lib.lib" -l"cslVC5505_Lib.lib" 
<Linking>
'Finished building target: C:/Users/Alex/USB Audio Class/build/CSL_USB_IsoHighSpeedExample_Out/../../build/CSL_USB_IsoHighSpeedExample_Out/Release/CSL_USB_IsoHighSpeedExample_Out.out'
' '
C:/Users/Alex/ccsv5/utils/bin/gmake --no-print-directory post-build
"C:/Users/Alex/USB Audio Class/build/CSL_USB_IsoHighSpeedExample_Out/postBuildStep_Release.bat"
The system cannot find the path specified.
Can't find c:\Perl\ofd\sectti.pl on PATH.
' '

**** Build Finished ****
