
**** Build of configuration Release for project cslVC5505 ****

"C:\\Users\\Alex\\ccsv5\\utils\\bin\\gmake" -k all 
'Building file: C:/Users/Alex/USB Audio Class/c55xx_csl/src/csl_audioClass.c'
'Invoking: C5500 Compiler'
"C:/Users/Alex/ccsv5/tools/compiler/c5500_4.4.1/bin/cl55" -vcpu:3.3 -g -O3 --define="C5535_EZDSP_DEMO" --define="USE_THREE_CODEC" --define="CSL_AC_TEST" --define="PLAY_RECORD" --define="SAMP_24BIT" --include_path="C:/Users/Alex/ccsv5/tools/compiler/c5500_4.4.1/include" --include_path="C:/Users/Alex/USB Audio Class/c55x5_drivers/inc" --include_path="C:/Users/Alex/USB Audio Class/inc" --include_path="C:/Users/Alex/USB Audio Class/c55xx_csl/build/cslVC5505/Release" --include_path="C:/Users/Alex/bios_5_42_00_07/packages/ti/bios/include" --include_path="C:/Users/Alex/bios_5_42_00_07/packages/ti/rtdx/include/c5500" --include_path="C:/Users/Alex/xdais_7_21_01_07/packages/ti/xdais" --include_path="C:/Users/Alex/USB Audio Class/c55xx_csl/src" --include_path="C:/Users/Alex/USB Audio Class/c55xx_csl/inc" --diag_warning=225 --large_memory_model --algebraic --obj_directory="C:/Users/Alex/USB Audio Class/c55xx_csl/build/Release" --preproc_with_compile --preproc_dependency="csl_audioClass.pp"  "C:/Users/Alex/USB Audio Class/c55xx_csl/src/csl_audioClass.c"
"C:/Users/Alex/USB Audio Class/c55xx_csl/inc/csl_audioClassAux.h", line 851: warning: variable "tempLen" was set but never used
'Finished building: C:/Users/Alex/USB Audio Class/c55xx_csl/src/csl_audioClass.c'
' '
'Building file: C:/Users/Alex/USB Audio Class/c55xx_csl/src/csl_dat.c'
'Invoking: C5500 Compiler'
"C:/Users/Alex/ccsv5/tools/compiler/c5500_4.4.1/bin/cl55" -vcpu:3.3 -g -O3 --define="C5535_EZDSP_DEMO" --define="USE_THREE_CODEC" --define="CSL_AC_TEST" --define="PLAY_RECORD" --define="SAMP_24BIT" --include_path="C:/Users/Alex/ccsv5/tools/compiler/c5500_4.4.1/include" --include_path="C:/Users/Alex/USB Audio Class/c55x5_drivers/inc" --include_path="C:/Users/Alex/USB Audio Class/inc" --include_path="C:/Users/Alex/USB Audio Class/c55xx_csl/build/cslVC5505/Release" --include_path="C:/Users/Alex/bios_5_42_00_07/packages/ti/bios/include" --include_path="C:/Users/Alex/bios_5_42_00_07/packages/ti/rtdx/include/c5500" --include_path="C:/Users/Alex/xdais_7_21_01_07/packages/ti/xdais" --include_path="C:/Users/Alex/USB Audio Class/c55xx_csl/src" --include_path="C:/Users/Alex/USB Audio Class/c55xx_csl/inc" --diag_warning=225 --large_memory_model --algebraic --obj_directory="C:/Users/Alex/USB Audio Class/c55xx_csl/build/Release" --preproc_with_compile --preproc_dependency="csl_dat.pp"  "C:/Users/Alex/USB Audio Class/c55xx_csl/src/csl_dat.c"
'Finished building: C:/Users/Alex/USB Audio Class/c55xx_csl/src/csl_dat.c'
' '
'Building file: C:/Users/Alex/USB Audio Class/c55xx_csl/src/csl_dma.c'
'Invoking: C5500 Compiler'
"C:/Users/Alex/ccsv5/tools/compiler/c5500_4.4.1/bin/cl55" -vcpu:3.3 -g -O3 --define="C5535_EZDSP_DEMO" --define="USE_THREE_CODEC" --define="CSL_AC_TEST" --define="PLAY_RECORD" --define="SAMP_24BIT" --include_path="C:/Users/Alex/ccsv5/tools/compiler/c5500_4.4.1/include" --include_path="C:/Users/Alex/USB Audio Class/c55x5_drivers/inc" --include_path="C:/Users/Alex/USB Audio Class/inc" --include_path="C:/Users/Alex/USB Audio Class/c55xx_csl/build/cslVC5505/Release" --include_path="C:/Users/Alex/bios_5_42_00_07/packages/ti/bios/include" --include_path="C:/Users/Alex/bios_5_42_00_07/packages/ti/rtdx/include/c5500" --include_path="C:/Users/Alex/xdais_7_21_01_07/packages/ti/xdais" --include_path="C:/Users/Alex/USB Audio Class/c55xx_csl/src" --include_path="C:/Users/Alex/USB Audio Class/c55xx_csl/inc" --diag_warning=225 --large_memory_model --algebraic --obj_directory="C:/Users/Alex/USB Audio Class/c55xx_csl/build/Release" --preproc_with_compile --preproc_dependency="csl_dma.pp"  "C:/Users/Alex/USB Audio Class/c55xx_csl/src/csl_dma.c"
"C:/Users/Alex/USB Audio Class/c55xx_csl/src/csl_dma.c", line 635: warning: function declared implicitly
"C:/Users/Alex/USB Audio Class/c55xx_csl/src/csl_dma.c", line 1564: warning: function declared implicitly
'Finished building: C:/Users/Alex/USB Audio Class/c55xx_csl/src/csl_dma.c'
' '
'Building file: C:/Users/Alex/USB Audio Class/c55xx_csl/src/csl_gpio.c'
'Invoking: C5500 Compiler'
"C:/Users/Alex/ccsv5/tools/compiler/c5500_4.4.1/bin/cl55" -vcpu:3.3 -g -O3 --define="C5535_EZDSP_DEMO" --define="USE_THREE_CODEC" --define="CSL_AC_TEST" --define="PLAY_RECORD" --define="SAMP_24BIT" --include_path="C:/Users/Alex/ccsv5/tools/compiler/c5500_4.4.1/include" --include_path="C:/Users/Alex/USB Audio Class/c55x5_drivers/inc" --include_path="C:/Users/Alex/USB Audio Class/inc" --include_path="C:/Users/Alex/USB Audio Class/c55xx_csl/build/cslVC5505/Release" --include_path="C:/Users/Alex/bios_5_42_00_07/packages/ti/bios/include" --include_path="C:/Users/Alex/bios_5_42_00_07/packages/ti/rtdx/include/c5500" --include_path="C:/Users/Alex/xdais_7_21_01_07/packages/ti/xdais" --include_path="C:/Users/Alex/USB Audio Class/c55xx_csl/src" --include_path="C:/Users/Alex/USB Audio Class/c55xx_csl/inc" --diag_warning=225 --large_memory_model --algebraic --obj_directory="C:/Users/Alex/USB Audio Class/c55xx_csl/build/Release" --preproc_with_compile --preproc_dependency="csl_gpio.pp"  "C:/Users/Alex/USB Audio Class/c55xx_csl/src/csl_gpio.c"
'Finished building: C:/Users/Alex/USB Audio Class/c55xx_csl/src/csl_gpio.c'
' '
'Building file: C:/Users/Alex/USB Audio Class/c55xx_csl/src/csl_gpt.c'
'Invoking: C5500 Compiler'
"C:/Users/Alex/ccsv5/tools/compiler/c5500_4.4.1/bin/cl55" -vcpu:3.3 -g -O3 --define="C5535_EZDSP_DEMO" --define="USE_THREE_CODEC" --define="CSL_AC_TEST" --define="PLAY_RECORD" --define="SAMP_24BIT" --include_path="C:/Users/Alex/ccsv5/tools/compiler/c5500_4.4.1/include" --include_path="C:/Users/Alex/USB Audio Class/c55x5_drivers/inc" --include_path="C:/Users/Alex/USB Audio Class/inc" --include_path="C:/Users/Alex/USB Audio Class/c55xx_csl/build/cslVC5505/Release" --include_path="C:/Users/Alex/bios_5_42_00_07/packages/ti/bios/include" --include_path="C:/Users/Alex/bios_5_42_00_07/packages/ti/rtdx/include/c5500" --include_path="C:/Users/Alex/xdais_7_21_01_07/packages/ti/xdais" --include_path="C:/Users/Alex/USB Audio Class/c55xx_csl/src" --include_path="C:/Users/Alex/USB Audio Class/c55xx_csl/inc" --diag_warning=225 --large_memory_model --algebraic --obj_directory="C:/Users/Alex/USB Audio Class/c55xx_csl/build/Release" --preproc_with_compile --preproc_dependency="csl_gpt.pp"  "C:/Users/Alex/USB Audio Class/c55xx_csl/src/csl_gpt.c"
'Finished building: C:/Users/Alex/USB Audio Class/c55xx_csl/src/csl_gpt.c'
' '
'Building file: C:/Users/Alex/USB Audio Class/c55xx_csl/src/csl_i2c.c'
'Invoking: C5500 Compiler'
"C:/Users/Alex/ccsv5/tools/compiler/c5500_4.4.1/bin/cl55" -vcpu:3.3 -g -O3 --define="C5535_EZDSP_DEMO" --define="USE_THREE_CODEC" --define="CSL_AC_TEST" --define="PLAY_RECORD" --define="SAMP_24BIT" --include_path="C:/Users/Alex/ccsv5/tools/compiler/c5500_4.4.1/include" --include_path="C:/Users/Alex/USB Audio Class/c55x5_drivers/inc" --include_path="C:/Users/Alex/USB Audio Class/inc" --include_path="C:/Users/Alex/USB Audio Class/c55xx_csl/build/cslVC5505/Release" --include_path="C:/Users/Alex/bios_5_42_00_07/packages/ti/bios/include" --include_path="C:/Users/Alex/bios_5_42_00_07/packages/ti/rtdx/include/c5500" --include_path="C:/Users/Alex/xdais_7_21_01_07/packages/ti/xdais" --include_path="C:/Users/Alex/USB Audio Class/c55xx_csl/src" --include_path="C:/Users/Alex/USB Audio Class/c55xx_csl/inc" --diag_warning=225 --large_memory_model --algebraic --obj_directory="C:/Users/Alex/USB Audio Class/c55xx_csl/build/Release" --preproc_with_compile --preproc_dependency="csl_i2c.pp"  "C:/Users/Alex/USB Audio Class/c55xx_csl/src/csl_i2c.c"
'Finished building: C:/Users/Alex/USB Audio Class/c55xx_csl/src/csl_i2c.c'
' '
'Building file: C:/Users/Alex/USB Audio Class/c55xx_csl/src/csl_i2s.c'
'Invoking: C5500 Compiler'
"C:/Users/Alex/ccsv5/tools/compiler/c5500_4.4.1/bin/cl55" -vcpu:3.3 -g -O3 --define="C5535_EZDSP_DEMO" --define="USE_THREE_CODEC" --define="CSL_AC_TEST" --define="PLAY_RECORD" --define="SAMP_24BIT" --include_path="C:/Users/Alex/ccsv5/tools/compiler/c5500_4.4.1/include" --include_path="C:/Users/Alex/USB Audio Class/c55x5_drivers/inc" --include_path="C:/Users/Alex/USB Audio Class/inc" --include_path="C:/Users/Alex/USB Audio Class/c55xx_csl/build/cslVC5505/Release" --include_path="C:/Users/Alex/bios_5_42_00_07/packages/ti/bios/include" --include_path="C:/Users/Alex/bios_5_42_00_07/packages/ti/rtdx/include/c5500" --include_path="C:/Users/Alex/xdais_7_21_01_07/packages/ti/xdais" --include_path="C:/Users/Alex/USB Audio Class/c55xx_csl/src" --include_path="C:/Users/Alex/USB Audio Class/c55xx_csl/inc" --diag_warning=225 --large_memory_model --algebraic --obj_directory="C:/Users/Alex/USB Audio Class/c55xx_csl/build/Release" --preproc_with_compile --preproc_dependency="csl_i2s.pp"  "C:/Users/Alex/USB Audio Class/c55xx_csl/src/csl_i2s.c"
'Finished building: C:/Users/Alex/USB Audio Class/c55xx_csl/src/csl_i2s.c'
' '
'Building file: C:/Users/Alex/USB Audio Class/c55xx_csl/src/csl_intc.c'
'Invoking: C5500 Compiler'
"C:/Users/Alex/ccsv5/tools/compiler/c5500_4.4.1/bin/cl55" -vcpu:3.3 -g -O3 --define="C5535_EZDSP_DEMO" --define="USE_THREE_CODEC" --define="CSL_AC_TEST" --define="PLAY_RECORD" --define="SAMP_24BIT" --include_path="C:/Users/Alex/ccsv5/tools/compiler/c5500_4.4.1/include" --include_path="C:/Users/Alex/USB Audio Class/c55x5_drivers/inc" --include_path="C:/Users/Alex/USB Audio Class/inc" --include_path="C:/Users/Alex/USB Audio Class/c55xx_csl/build/cslVC5505/Release" --include_path="C:/Users/Alex/bios_5_42_00_07/packages/ti/bios/include" --include_path="C:/Users/Alex/bios_5_42_00_07/packages/ti/rtdx/include/c5500" --include_path="C:/Users/Alex/xdais_7_21_01_07/packages/ti/xdais" --include_path="C:/Users/Alex/USB Audio Class/c55xx_csl/src" --include_path="C:/Users/Alex/USB Audio Class/c55xx_csl/inc" --diag_warning=225 --large_memory_model --algebraic --obj_directory="C:/Users/Alex/USB Audio Class/c55xx_csl/build/Release" --preproc_with_compile --preproc_dependency="csl_intc.pp"  "C:/Users/Alex/USB Audio Class/c55xx_csl/src/csl_intc.c"
'Finished building: C:/Users/Alex/USB Audio Class/c55xx_csl/src/csl_intc.c'
' '
'Building file: C:/Users/Alex/USB Audio Class/c55xx_csl/src/csl_irqplug.asm'
'Invoking: C5500 Compiler'
"C:/Users/Alex/ccsv5/tools/compiler/c5500_4.4.1/bin/cl55" -vcpu:3.3 -g -O3 --define="C5535_EZDSP_DEMO" --define="USE_THREE_CODEC" --define="CSL_AC_TEST" --define="PLAY_RECORD" --define="SAMP_24BIT" --include_path="C:/Users/Alex/ccsv5/tools/compiler/c5500_4.4.1/include" --include_path="C:/Users/Alex/USB Audio Class/c55x5_drivers/inc" --include_path="C:/Users/Alex/USB Audio Class/inc" --include_path="C:/Users/Alex/USB Audio Class/c55xx_csl/build/cslVC5505/Release" --include_path="C:/Users/Alex/bios_5_42_00_07/packages/ti/bios/include" --include_path="C:/Users/Alex/bios_5_42_00_07/packages/ti/rtdx/include/c5500" --include_path="C:/Users/Alex/xdais_7_21_01_07/packages/ti/xdais" --include_path="C:/Users/Alex/USB Audio Class/c55xx_csl/src" --include_path="C:/Users/Alex/USB Audio Class/c55xx_csl/inc" --diag_warning=225 --large_memory_model --algebraic --obj_directory="C:/Users/Alex/USB Audio Class/c55xx_csl/build/Release" --preproc_with_compile --preproc_dependency="csl_irqplug.pp"  "C:/Users/Alex/USB Audio Class/c55xx_csl/src/csl_irqplug.asm"
'Finished building: C:/Users/Alex/USB Audio Class/c55xx_csl/src/csl_irqplug.asm'
' '
'Building file: C:/Users/Alex/USB Audio Class/c55xx_csl/src/csl_lcdc.c'
'Invoking: C5500 Compiler'
"C:/Users/Alex/ccsv5/tools/compiler/c5500_4.4.1/bin/cl55" -vcpu:3.3 -g -O3 --define="C5535_EZDSP_DEMO" --define="USE_THREE_CODEC" --define="CSL_AC_TEST" --define="PLAY_RECORD" --define="SAMP_24BIT" --include_path="C:/Users/Alex/ccsv5/tools/compiler/c5500_4.4.1/include" --include_path="C:/Users/Alex/USB Audio Class/c55x5_drivers/inc" --include_path="C:/Users/Alex/USB Audio Class/inc" --include_path="C:/Users/Alex/USB Audio Class/c55xx_csl/build/cslVC5505/Release" --include_path="C:/Users/Alex/bios_5_42_00_07/packages/ti/bios/include" --include_path="C:/Users/Alex/bios_5_42_00_07/packages/ti/rtdx/include/c5500" --include_path="C:/Users/Alex/xdais_7_21_01_07/packages/ti/xdais" --include_path="C:/Users/Alex/USB Audio Class/c55xx_csl/src" --include_path="C:/Users/Alex/USB Audio Class/c55xx_csl/inc" --diag_warning=225 --large_memory_model --algebraic --obj_directory="C:/Users/Alex/USB Audio Class/c55xx_csl/build/Release" --preproc_with_compile --preproc_dependency="csl_lcdc.pp"  "C:/Users/Alex/USB Audio Class/c55xx_csl/src/csl_lcdc.c"
'Finished building: C:/Users/Alex/USB Audio Class/c55xx_csl/src/csl_lcdc.c'
' '
'Building file: C:/Users/Alex/USB Audio Class/c55xx_csl/src/csl_mem.c'
'Invoking: C5500 Compiler'
"C:/Users/Alex/ccsv5/tools/compiler/c5500_4.4.1/bin/cl55" -vcpu:3.3 -g -O3 --define="C5535_EZDSP_DEMO" --define="USE_THREE_CODEC" --define="CSL_AC_TEST" --define="PLAY_RECORD" --define="SAMP_24BIT" --include_path="C:/Users/Alex/ccsv5/tools/compiler/c5500_4.4.1/include" --include_path="C:/Users/Alex/USB Audio Class/c55x5_drivers/inc" --include_path="C:/Users/Alex/USB Audio Class/inc" --include_path="C:/Users/Alex/USB Audio Class/c55xx_csl/build/cslVC5505/Release" --include_path="C:/Users/Alex/bios_5_42_00_07/packages/ti/bios/include" --include_path="C:/Users/Alex/bios_5_42_00_07/packages/ti/rtdx/include/c5500" --include_path="C:/Users/Alex/xdais_7_21_01_07/packages/ti/xdais" --include_path="C:/Users/Alex/USB Audio Class/c55xx_csl/src" --include_path="C:/Users/Alex/USB Audio Class/c55xx_csl/inc" --diag_warning=225 --large_memory_model --algebraic --obj_directory="C:/Users/Alex/USB Audio Class/c55xx_csl/build/Release" --preproc_with_compile --preproc_dependency="csl_mem.pp"  "C:/Users/Alex/USB Audio Class/c55xx_csl/src/csl_mem.c"
'Finished building: C:/Users/Alex/USB Audio Class/c55xx_csl/src/csl_mem.c'
' '
'Building file: C:/Users/Alex/USB Audio Class/c55xx_csl/src/csl_mmcsd.c'
'Invoking: C5500 Compiler'
"C:/Users/Alex/ccsv5/tools/compiler/c5500_4.4.1/bin/cl55" -vcpu:3.3 -g -O3 --define="C5535_EZDSP_DEMO" --define="USE_THREE_CODEC" --define="CSL_AC_TEST" --define="PLAY_RECORD" --define="SAMP_24BIT" --include_path="C:/Users/Alex/ccsv5/tools/compiler/c5500_4.4.1/include" --include_path="C:/Users/Alex/USB Audio Class/c55x5_drivers/inc" --include_path="C:/Users/Alex/USB Audio Class/inc" --include_path="C:/Users/Alex/USB Audio Class/c55xx_csl/build/cslVC5505/Release" --include_path="C:/Users/Alex/bios_5_42_00_07/packages/ti/bios/include" --include_path="C:/Users/Alex/bios_5_42_00_07/packages/ti/rtdx/include/c5500" --include_path="C:/Users/Alex/xdais_7_21_01_07/packages/ti/xdais" --include_path="C:/Users/Alex/USB Audio Class/c55xx_csl/src" --include_path="C:/Users/Alex/USB Audio Class/c55xx_csl/inc" --diag_warning=225 --large_memory_model --algebraic --obj_directory="C:/Users/Alex/USB Audio Class/c55xx_csl/build/Release" --preproc_with_compile --preproc_dependency="csl_mmcsd.pp"  "C:/Users/Alex/USB Audio Class/c55xx_csl/src/csl_mmcsd.c"
'Finished building: C:/Users/Alex/USB Audio Class/c55xx_csl/src/csl_mmcsd.c'
' '
'Building file: C:/Users/Alex/USB Audio Class/c55xx_csl/src/csl_mmcsd_ataIf.c'
'Invoking: C5500 Compiler'
"C:/Users/Alex/ccsv5/tools/compiler/c5500_4.4.1/bin/cl55" -vcpu:3.3 -g -O3 --define="C5535_EZDSP_DEMO" --define="USE_THREE_CODEC" --define="CSL_AC_TEST" --define="PLAY_RECORD" --define="SAMP_24BIT" --include_path="C:/Users/Alex/ccsv5/tools/compiler/c5500_4.4.1/include" --include_path="C:/Users/Alex/USB Audio Class/c55x5_drivers/inc" --include_path="C:/Users/Alex/USB Audio Class/inc" --include_path="C:/Users/Alex/USB Audio Class/c55xx_csl/build/cslVC5505/Release" --include_path="C:/Users/Alex/bios_5_42_00_07/packages/ti/bios/include" --include_path="C:/Users/Alex/bios_5_42_00_07/packages/ti/rtdx/include/c5500" --include_path="C:/Users/Alex/xdais_7_21_01_07/packages/ti/xdais" --include_path="C:/Users/Alex/USB Audio Class/c55xx_csl/src" --include_path="C:/Users/Alex/USB Audio Class/c55xx_csl/inc" --diag_warning=225 --large_memory_model --algebraic --obj_directory="C:/Users/Alex/USB Audio Class/c55xx_csl/build/Release" --preproc_with_compile --preproc_dependency="csl_mmcsd_ataIf.pp"  "C:/Users/Alex/USB Audio Class/c55xx_csl/src/csl_mmcsd_ataIf.c"
'Finished building: C:/Users/Alex/USB Audio Class/c55xx_csl/src/csl_mmcsd_ataIf.c'
' '
'Building file: C:/Users/Alex/USB Audio Class/c55xx_csl/src/csl_msc.c'
'Invoking: C5500 Compiler'
"C:/Users/Alex/ccsv5/tools/compiler/c5500_4.4.1/bin/cl55" -vcpu:3.3 -g -O3 --define="C5535_EZDSP_DEMO" --define="USE_THREE_CODEC" --define="CSL_AC_TEST" --define="PLAY_RECORD" --define="SAMP_24BIT" --include_path="C:/Users/Alex/ccsv5/tools/compiler/c5500_4.4.1/include" --include_path="C:/Users/Alex/USB Audio Class/c55x5_drivers/inc" --include_path="C:/Users/Alex/USB Audio Class/inc" --include_path="C:/Users/Alex/USB Audio Class/c55xx_csl/build/cslVC5505/Release" --include_path="C:/Users/Alex/bios_5_42_00_07/packages/ti/bios/include" --include_path="C:/Users/Alex/bios_5_42_00_07/packages/ti/rtdx/include/c5500" --include_path="C:/Users/Alex/xdais_7_21_01_07/packages/ti/xdais" --include_path="C:/Users/Alex/USB Audio Class/c55xx_csl/src" --include_path="C:/Users/Alex/USB Audio Class/c55xx_csl/inc" --diag_warning=225 --large_memory_model --algebraic --obj_directory="C:/Users/Alex/USB Audio Class/c55xx_csl/build/Release" --preproc_with_compile --preproc_dependency="csl_msc.pp"  "C:/Users/Alex/USB Audio Class/c55xx_csl/src/csl_msc.c"
'Finished building: C:/Users/Alex/USB Audio Class/c55xx_csl/src/csl_msc.c'
' '
'Building file: C:/Users/Alex/USB Audio Class/c55xx_csl/src/csl_nand.c'
'Invoking: C5500 Compiler'
"C:/Users/Alex/ccsv5/tools/compiler/c5500_4.4.1/bin/cl55" -vcpu:3.3 -g -O3 --define="C5535_EZDSP_DEMO" --define="USE_THREE_CODEC" --define="CSL_AC_TEST" --define="PLAY_RECORD" --define="SAMP_24BIT" --include_path="C:/Users/Alex/ccsv5/tools/compiler/c5500_4.4.1/include" --include_path="C:/Users/Alex/USB Audio Class/c55x5_drivers/inc" --include_path="C:/Users/Alex/USB Audio Class/inc" --include_path="C:/Users/Alex/USB Audio Class/c55xx_csl/build/cslVC5505/Release" --include_path="C:/Users/Alex/bios_5_42_00_07/packages/ti/bios/include" --include_path="C:/Users/Alex/bios_5_42_00_07/packages/ti/rtdx/include/c5500" --include_path="C:/Users/Alex/xdais_7_21_01_07/packages/ti/xdais" --include_path="C:/Users/Alex/USB Audio Class/c55xx_csl/src" --include_path="C:/Users/Alex/USB Audio Class/c55xx_csl/inc" --diag_warning=225 --large_memory_model --algebraic --obj_directory="C:/Users/Alex/USB Audio Class/c55xx_csl/build/Release" --preproc_with_compile --preproc_dependency="csl_nand.pp"  "C:/Users/Alex/USB Audio Class/c55xx_csl/src/csl_nand.c"
'Finished building: C:/Users/Alex/USB Audio Class/c55xx_csl/src/csl_nand.c'
' '
'Building file: C:/Users/Alex/USB Audio Class/c55xx_csl/src/csl_pll.c'
'Invoking: C5500 Compiler'
"C:/Users/Alex/ccsv5/tools/compiler/c5500_4.4.1/bin/cl55" -vcpu:3.3 -g -O3 --define="C5535_EZDSP_DEMO" --define="USE_THREE_CODEC" --define="CSL_AC_TEST" --define="PLAY_RECORD" --define="SAMP_24BIT" --include_path="C:/Users/Alex/ccsv5/tools/compiler/c5500_4.4.1/include" --include_path="C:/Users/Alex/USB Audio Class/c55x5_drivers/inc" --include_path="C:/Users/Alex/USB Audio Class/inc" --include_path="C:/Users/Alex/USB Audio Class/c55xx_csl/build/cslVC5505/Release" --include_path="C:/Users/Alex/bios_5_42_00_07/packages/ti/bios/include" --include_path="C:/Users/Alex/bios_5_42_00_07/packages/ti/rtdx/include/c5500" --include_path="C:/Users/Alex/xdais_7_21_01_07/packages/ti/xdais" --include_path="C:/Users/Alex/USB Audio Class/c55xx_csl/src" --include_path="C:/Users/Alex/USB Audio Class/c55xx_csl/inc" --diag_warning=225 --large_memory_model --algebraic --obj_directory="C:/Users/Alex/USB Audio Class/c55xx_csl/build/Release" --preproc_with_compile --preproc_dependency="csl_pll.pp"  "C:/Users/Alex/USB Audio Class/c55xx_csl/src/csl_pll.c"
'Finished building: C:/Users/Alex/USB Audio Class/c55xx_csl/src/csl_pll.c'
' '
'Building file: C:/Users/Alex/USB Audio Class/c55xx_csl/src/csl_rtc.c'
'Invoking: C5500 Compiler'
"C:/Users/Alex/ccsv5/tools/compiler/c5500_4.4.1/bin/cl55" -vcpu:3.3 -g -O3 --define="C5535_EZDSP_DEMO" --define="USE_THREE_CODEC" --define="CSL_AC_TEST" --define="PLAY_RECORD" --define="SAMP_24BIT" --include_path="C:/Users/Alex/ccsv5/tools/compiler/c5500_4.4.1/include" --include_path="C:/Users/Alex/USB Audio Class/c55x5_drivers/inc" --include_path="C:/Users/Alex/USB Audio Class/inc" --include_path="C:/Users/Alex/USB Audio Class/c55xx_csl/build/cslVC5505/Release" --include_path="C:/Users/Alex/bios_5_42_00_07/packages/ti/bios/include" --include_path="C:/Users/Alex/bios_5_42_00_07/packages/ti/rtdx/include/c5500" --include_path="C:/Users/Alex/xdais_7_21_01_07/packages/ti/xdais" --include_path="C:/Users/Alex/USB Audio Class/c55xx_csl/src" --include_path="C:/Users/Alex/USB Audio Class/c55xx_csl/inc" --diag_warning=225 --large_memory_model --algebraic --obj_directory="C:/Users/Alex/USB Audio Class/c55xx_csl/build/Release" --preproc_with_compile --preproc_dependency="csl_rtc.pp"  "C:/Users/Alex/USB Audio Class/c55xx_csl/src/csl_rtc.c"
'Finished building: C:/Users/Alex/USB Audio Class/c55xx_csl/src/csl_rtc.c'
' '
'Building file: C:/Users/Alex/USB Audio Class/c55xx_csl/src/csl_sar.c'
'Invoking: C5500 Compiler'
"C:/Users/Alex/ccsv5/tools/compiler/c5500_4.4.1/bin/cl55" -vcpu:3.3 -g -O3 --define="C5535_EZDSP_DEMO" --define="USE_THREE_CODEC" --define="CSL_AC_TEST" --define="PLAY_RECORD" --define="SAMP_24BIT" --include_path="C:/Users/Alex/ccsv5/tools/compiler/c5500_4.4.1/include" --include_path="C:/Users/Alex/USB Audio Class/c55x5_drivers/inc" --include_path="C:/Users/Alex/USB Audio Class/inc" --include_path="C:/Users/Alex/USB Audio Class/c55xx_csl/build/cslVC5505/Release" --include_path="C:/Users/Alex/bios_5_42_00_07/packages/ti/bios/include" --include_path="C:/Users/Alex/bios_5_42_00_07/packages/ti/rtdx/include/c5500" --include_path="C:/Users/Alex/xdais_7_21_01_07/packages/ti/xdais" --include_path="C:/Users/Alex/USB Audio Class/c55xx_csl/src" --include_path="C:/Users/Alex/USB Audio Class/c55xx_csl/inc" --diag_warning=225 --large_memory_model --algebraic --obj_directory="C:/Users/Alex/USB Audio Class/c55xx_csl/build/Release" --preproc_with_compile --preproc_dependency="csl_sar.pp"  "C:/Users/Alex/USB Audio Class/c55xx_csl/src/csl_sar.c"
'Finished building: C:/Users/Alex/USB Audio Class/c55xx_csl/src/csl_sar.c'
' '
'Building file: C:/Users/Alex/USB Audio Class/c55xx_csl/src/csl_sdio.c'
'Invoking: C5500 Compiler'
"C:/Users/Alex/ccsv5/tools/compiler/c5500_4.4.1/bin/cl55" -vcpu:3.3 -g -O3 --define="C5535_EZDSP_DEMO" --define="USE_THREE_CODEC" --define="CSL_AC_TEST" --define="PLAY_RECORD" --define="SAMP_24BIT" --include_path="C:/Users/Alex/ccsv5/tools/compiler/c5500_4.4.1/include" --include_path="C:/Users/Alex/USB Audio Class/c55x5_drivers/inc" --include_path="C:/Users/Alex/USB Audio Class/inc" --include_path="C:/Users/Alex/USB Audio Class/c55xx_csl/build/cslVC5505/Release" --include_path="C:/Users/Alex/bios_5_42_00_07/packages/ti/bios/include" --include_path="C:/Users/Alex/bios_5_42_00_07/packages/ti/rtdx/include/c5500" --include_path="C:/Users/Alex/xdais_7_21_01_07/packages/ti/xdais" --include_path="C:/Users/Alex/USB Audio Class/c55xx_csl/src" --include_path="C:/Users/Alex/USB Audio Class/c55xx_csl/inc" --diag_warning=225 --large_memory_model --algebraic --obj_directory="C:/Users/Alex/USB Audio Class/c55xx_csl/build/Release" --preproc_with_compile --preproc_dependency="csl_sdio.pp"  "C:/Users/Alex/USB Audio Class/c55xx_csl/src/csl_sdio.c"
'Finished building: C:/Users/Alex/USB Audio Class/c55xx_csl/src/csl_sdio.c'
' '
'Building file: C:/Users/Alex/USB Audio Class/c55xx_csl/src/csl_spi.c'
'Invoking: C5500 Compiler'
"C:/Users/Alex/ccsv5/tools/compiler/c5500_4.4.1/bin/cl55" -vcpu:3.3 -g -O3 --define="C5535_EZDSP_DEMO" --define="USE_THREE_CODEC" --define="CSL_AC_TEST" --define="PLAY_RECORD" --define="SAMP_24BIT" --include_path="C:/Users/Alex/ccsv5/tools/compiler/c5500_4.4.1/include" --include_path="C:/Users/Alex/USB Audio Class/c55x5_drivers/inc" --include_path="C:/Users/Alex/USB Audio Class/inc" --include_path="C:/Users/Alex/USB Audio Class/c55xx_csl/build/cslVC5505/Release" --include_path="C:/Users/Alex/bios_5_42_00_07/packages/ti/bios/include" --include_path="C:/Users/Alex/bios_5_42_00_07/packages/ti/rtdx/include/c5500" --include_path="C:/Users/Alex/xdais_7_21_01_07/packages/ti/xdais" --include_path="C:/Users/Alex/USB Audio Class/c55xx_csl/src" --include_path="C:/Users/Alex/USB Audio Class/c55xx_csl/inc" --diag_warning=225 --large_memory_model --algebraic --obj_directory="C:/Users/Alex/USB Audio Class/c55xx_csl/build/Release" --preproc_with_compile --preproc_dependency="csl_spi.pp"  "C:/Users/Alex/USB Audio Class/c55xx_csl/src/csl_spi.c"
"C:/Users/Alex/USB Audio Class/c55xx_csl/src/csl_spi.c", line 255: warning: function declared implicitly
'Finished building: C:/Users/Alex/USB Audio Class/c55xx_csl/src/csl_spi.c'
' '
'Building file: C:/Users/Alex/USB Audio Class/c55xx_csl/src/csl_uart.c'
'Invoking: C5500 Compiler'
"C:/Users/Alex/ccsv5/tools/compiler/c5500_4.4.1/bin/cl55" -vcpu:3.3 -g -O3 --define="C5535_EZDSP_DEMO" --define="USE_THREE_CODEC" --define="CSL_AC_TEST" --define="PLAY_RECORD" --define="SAMP_24BIT" --include_path="C:/Users/Alex/ccsv5/tools/compiler/c5500_4.4.1/include" --include_path="C:/Users/Alex/USB Audio Class/c55x5_drivers/inc" --include_path="C:/Users/Alex/USB Audio Class/inc" --include_path="C:/Users/Alex/USB Audio Class/c55xx_csl/build/cslVC5505/Release" --include_path="C:/Users/Alex/bios_5_42_00_07/packages/ti/bios/include" --include_path="C:/Users/Alex/bios_5_42_00_07/packages/ti/rtdx/include/c5500" --include_path="C:/Users/Alex/xdais_7_21_01_07/packages/ti/xdais" --include_path="C:/Users/Alex/USB Audio Class/c55xx_csl/src" --include_path="C:/Users/Alex/USB Audio Class/c55xx_csl/inc" --diag_warning=225 --large_memory_model --algebraic --obj_directory="C:/Users/Alex/USB Audio Class/c55xx_csl/build/Release" --preproc_with_compile --preproc_dependency="csl_uart.pp"  "C:/Users/Alex/USB Audio Class/c55xx_csl/src/csl_uart.c"
'Finished building: C:/Users/Alex/USB Audio Class/c55xx_csl/src/csl_uart.c'
' '
'Building file: C:/Users/Alex/USB Audio Class/c55xx_csl/src/csl_usb.c'
'Invoking: C5500 Compiler'
"C:/Users/Alex/ccsv5/tools/compiler/c5500_4.4.1/bin/cl55" -vcpu:3.3 -g -O3 --define="C5535_EZDSP_DEMO" --define="USE_THREE_CODEC" --define="CSL_AC_TEST" --define="PLAY_RECORD" --define="SAMP_24BIT" --include_path="C:/Users/Alex/ccsv5/tools/compiler/c5500_4.4.1/include" --include_path="C:/Users/Alex/USB Audio Class/c55x5_drivers/inc" --include_path="C:/Users/Alex/USB Audio Class/inc" --include_path="C:/Users/Alex/USB Audio Class/c55xx_csl/build/cslVC5505/Release" --include_path="C:/Users/Alex/bios_5_42_00_07/packages/ti/bios/include" --include_path="C:/Users/Alex/bios_5_42_00_07/packages/ti/rtdx/include/c5500" --include_path="C:/Users/Alex/xdais_7_21_01_07/packages/ti/xdais" --include_path="C:/Users/Alex/USB Audio Class/c55xx_csl/src" --include_path="C:/Users/Alex/USB Audio Class/c55xx_csl/inc" --diag_warning=225 --large_memory_model --algebraic --obj_directory="C:/Users/Alex/USB Audio Class/c55xx_csl/build/Release" --preproc_with_compile --preproc_dependency="csl_usb.pp"  "C:/Users/Alex/USB Audio Class/c55xx_csl/src/csl_usb.c"
'Finished building: C:/Users/Alex/USB Audio Class/c55xx_csl/src/csl_usb.c'
' '
'Building file: C:/Users/Alex/USB Audio Class/c55xx_csl/src/csl_wdt.c'
'Invoking: C5500 Compiler'
"C:/Users/Alex/ccsv5/tools/compiler/c5500_4.4.1/bin/cl55" -vcpu:3.3 -g -O3 --define="C5535_EZDSP_DEMO" --define="USE_THREE_CODEC" --define="CSL_AC_TEST" --define="PLAY_RECORD" --define="SAMP_24BIT" --include_path="C:/Users/Alex/ccsv5/tools/compiler/c5500_4.4.1/include" --include_path="C:/Users/Alex/USB Audio Class/c55x5_drivers/inc" --include_path="C:/Users/Alex/USB Audio Class/inc" --include_path="C:/Users/Alex/USB Audio Class/c55xx_csl/build/cslVC5505/Release" --include_path="C:/Users/Alex/bios_5_42_00_07/packages/ti/bios/include" --include_path="C:/Users/Alex/bios_5_42_00_07/packages/ti/rtdx/include/c5500" --include_path="C:/Users/Alex/xdais_7_21_01_07/packages/ti/xdais" --include_path="C:/Users/Alex/USB Audio Class/c55xx_csl/src" --include_path="C:/Users/Alex/USB Audio Class/c55xx_csl/inc" --diag_warning=225 --large_memory_model --algebraic --obj_directory="C:/Users/Alex/USB Audio Class/c55xx_csl/build/Release" --preproc_with_compile --preproc_dependency="csl_wdt.pp"  "C:/Users/Alex/USB Audio Class/c55xx_csl/src/csl_wdt.c"
'Finished building: C:/Users/Alex/USB Audio Class/c55xx_csl/src/csl_wdt.c'
' '
'Building file: C:/Users/Alex/USB Audio Class/c55xx_csl/src/vectors.asm'
'Invoking: C5500 Compiler'
"C:/Users/Alex/ccsv5/tools/compiler/c5500_4.4.1/bin/cl55" -vcpu:3.3 -g -O3 --define="C5535_EZDSP_DEMO" --define="USE_THREE_CODEC" --define="CSL_AC_TEST" --define="PLAY_RECORD" --define="SAMP_24BIT" --include_path="C:/Users/Alex/ccsv5/tools/compiler/c5500_4.4.1/include" --include_path="C:/Users/Alex/USB Audio Class/c55x5_drivers/inc" --include_path="C:/Users/Alex/USB Audio Class/inc" --include_path="C:/Users/Alex/USB Audio Class/c55xx_csl/build/cslVC5505/Release" --include_path="C:/Users/Alex/bios_5_42_00_07/packages/ti/bios/include" --include_path="C:/Users/Alex/bios_5_42_00_07/packages/ti/rtdx/include/c5500" --include_path="C:/Users/Alex/xdais_7_21_01_07/packages/ti/xdais" --include_path="C:/Users/Alex/USB Audio Class/c55xx_csl/src" --include_path="C:/Users/Alex/USB Audio Class/c55xx_csl/inc" --diag_warning=225 --large_memory_model --algebraic --obj_directory="C:/Users/Alex/USB Audio Class/c55xx_csl/build/Release" --preproc_with_compile --preproc_dependency="vectors.pp"  "C:/Users/Alex/USB Audio Class/c55xx_csl/src/vectors.asm"
'Finished building: C:/Users/Alex/USB Audio Class/c55xx_csl/src/vectors.asm'
' '
'Building target: C:/Users/Alex/USB Audio Class/c55xx_csl/build/cslVC5505/../../../c55xx_csl/lib/Release/cslVC5505_Lib.lib'
'Invoking: C5500 Archiver'
"C:/Users/Alex/ccsv5/tools/compiler/c5500_4.4.1/bin/ar55" r "C:/Users/Alex/USB Audio Class/c55xx_csl/build/cslVC5505/../../../c55xx_csl/lib/Release/cslVC5505_Lib.lib" "C:/Users/Alex/USB Audio Class/c55xx_csl/build/Release/vectors.obj" "C:/Users/Alex/USB Audio Class/c55xx_csl/build/Release/csl_wdt.obj" "C:/Users/Alex/USB Audio Class/c55xx_csl/build/Release/csl_usb.obj" "C:/Users/Alex/USB Audio Class/c55xx_csl/build/Release/csl_uart.obj" "C:/Users/Alex/USB Audio Class/c55xx_csl/build/Release/csl_spi.obj" "C:/Users/Alex/USB Audio Class/c55xx_csl/build/Release/csl_sdio.obj" "C:/Users/Alex/USB Audio Class/c55xx_csl/build/Release/csl_sar.obj" "C:/Users/Alex/USB Audio Class/c55xx_csl/build/Release/csl_rtc.obj" "C:/Users/Alex/USB Audio Class/c55xx_csl/build/Release/csl_pll.obj" "C:/Users/Alex/USB Audio Class/c55xx_csl/build/Release/csl_nand.obj" "C:/Users/Alex/USB Audio Class/c55xx_csl/build/Release/csl_msc.obj" "C:/Users/Alex/USB Audio Class/c55xx_csl/build/Release/csl_mmcsd_ataIf.obj" "C:/Users/Alex/USB Audio Class/c55xx_csl/build/Release/csl_mmcsd.obj" "C:/Users/Alex/USB Audio Class/c55xx_csl/build/Release/csl_mem.obj" "C:/Users/Alex/USB Audio Class/c55xx_csl/build/Release/csl_lcdc.obj" "C:/Users/Alex/USB Audio Class/c55xx_csl/build/Release/csl_irqplug.obj" "C:/Users/Alex/USB Audio Class/c55xx_csl/build/Release/csl_intc.obj" "C:/Users/Alex/USB Audio Class/c55xx_csl/build/Release/csl_i2s.obj" "C:/Users/Alex/USB Audio Class/c55xx_csl/build/Release/csl_i2c.obj" "C:/Users/Alex/USB Audio Class/c55xx_csl/build/Release/csl_gpt.obj" "C:/Users/Alex/USB Audio Class/c55xx_csl/build/Release/csl_gpio.obj" "C:/Users/Alex/USB Audio Class/c55xx_csl/build/Release/csl_dma.obj" "C:/Users/Alex/USB Audio Class/c55xx_csl/build/Release/csl_dat.obj" "C:/Users/Alex/USB Audio Class/c55xx_csl/build/Release/csl_audioClass.obj" 
  ==>  new archive 'C:/Users/Alex/USB Audio Class/c55xx_csl/build/cslVC5505/../../../c55xx_csl/lib/Release/cslVC5505_Lib.lib'
  ==>  building archive 'C:/Users/Alex/USB Audio Class/c55xx_csl/build/cslVC5505/../../../c55xx_csl/lib/Release/cslVC5505_Lib.lib'
'Finished building target: C:/Users/Alex/USB Audio Class/c55xx_csl/build/cslVC5505/../../../c55xx_csl/lib/Release/cslVC5505_Lib.lib'
' '

**** Build Finished ****
