
**** Build of configuration Release for project i2c_bios_drv_lib ****

"C:\\Users\\Alex\\ccsv5\\utils\\bin\\gmake" -k all 
'Building file: C:/Users/Alex/USB Audio Class/c55x5_drivers/i2c/src/dda_i2c.c'
'Invoking: C5500 Compiler'
"C:/Users/Alex/ccsv5/tools/compiler/c5500_4.4.1/bin/cl55" -vcpu:3.3 -g -O3 --define="BIOS_BUILD" --define="C5535_EZDSP_DEMO" --include_path="C:/Users/Alex/ccsv5/tools/compiler/c5500_4.4.1/include" --include_path="C:/Users/Alex/USB Audio Class/c55x5_drivers/i2c/build/i2c_bios_drv_lib/Release" --include_path="C:/Users/Alex/bios_5_42_00_07/packages/ti/bios/include" --include_path="C:/Users/Alex/bios_5_42_00_07/packages/ti/rtdx/include/c5500" --include_path="C:/Users/Alex/xdais_7_21_01_07/packages/ti/xdais" --include_path="C:/Users/Alex/USB Audio Class/c55x5_drivers/i2c/src" --include_path="C:/Users/Alex/USB Audio Class/c55x5_drivers/i2c/inc" --include_path="C:/Users/Alex/USB Audio Class/c55x5_drivers/inc" --include_path="C:/Users/Alex/USB Audio Class/c55x5_drivers/pal_os/inc" --include_path="C:/Users/Alex/USB Audio Class/c55x5_drivers/pal_sys/inc" --include_path="C:/Users/Alex/USB Audio Class/c55x5_drivers/soc/DA225/dsp/inc" --diag_warning=225 --large_memory_model --obj_directory="C:/Users/Alex/USB Audio Class/c55x5_drivers/i2c/build/Release" --preproc_with_compile --preproc_dependency="dda_i2c.pp"  "C:/Users/Alex/USB Audio Class/c55x5_drivers/i2c/src/dda_i2c.c"
'Finished building: C:/Users/Alex/USB Audio Class/c55x5_drivers/i2c/src/dda_i2c.c'
' '
'Building file: C:/Users/Alex/USB Audio Class/c55x5_drivers/i2c/src/ddc_i2c.c'
'Invoking: C5500 Compiler'
"C:/Users/Alex/ccsv5/tools/compiler/c5500_4.4.1/bin/cl55" -vcpu:3.3 -g -O3 --define="BIOS_BUILD" --define="C5535_EZDSP_DEMO" --include_path="C:/Users/Alex/ccsv5/tools/compiler/c5500_4.4.1/include" --include_path="C:/Users/Alex/USB Audio Class/c55x5_drivers/i2c/build/i2c_bios_drv_lib/Release" --include_path="C:/Users/Alex/bios_5_42_00_07/packages/ti/bios/include" --include_path="C:/Users/Alex/bios_5_42_00_07/packages/ti/rtdx/include/c5500" --include_path="C:/Users/Alex/xdais_7_21_01_07/packages/ti/xdais" --include_path="C:/Users/Alex/USB Audio Class/c55x5_drivers/i2c/src" --include_path="C:/Users/Alex/USB Audio Class/c55x5_drivers/i2c/inc" --include_path="C:/Users/Alex/USB Audio Class/c55x5_drivers/inc" --include_path="C:/Users/Alex/USB Audio Class/c55x5_drivers/pal_os/inc" --include_path="C:/Users/Alex/USB Audio Class/c55x5_drivers/pal_sys/inc" --include_path="C:/Users/Alex/USB Audio Class/c55x5_drivers/soc/DA225/dsp/inc" --diag_warning=225 --large_memory_model --obj_directory="C:/Users/Alex/USB Audio Class/c55x5_drivers/i2c/build/Release" --preproc_with_compile --preproc_dependency="ddc_i2c.pp"  "C:/Users/Alex/USB Audio Class/c55x5_drivers/i2c/src/ddc_i2c.c"
'Finished building: C:/Users/Alex/USB Audio Class/c55x5_drivers/i2c/src/ddc_i2c.c'
' '
'Building target: C:/Users/Alex/USB Audio Class/c55x5_drivers/i2c/build/i2c_bios_drv_lib/../../../../c55x5_drivers/lib/Release/i2c_bios_drv_lib.lib'
'Invoking: C5500 Archiver'
"C:/Users/Alex/ccsv5/tools/compiler/c5500_4.4.1/bin/ar55" r "C:/Users/Alex/USB Audio Class/c55x5_drivers/i2c/build/i2c_bios_drv_lib/../../../../c55x5_drivers/lib/Release/i2c_bios_drv_lib.lib" "C:/Users/Alex/USB Audio Class/c55x5_drivers/i2c/build/Release/ddc_i2c.obj" "C:/Users/Alex/USB Audio Class/c55x5_drivers/i2c/build/Release/dda_i2c.obj" 
  ==>  new archive 'C:/Users/Alex/USB Audio Class/c55x5_drivers/i2c/build/i2c_bios_drv_lib/../../../../c55x5_drivers/lib/Release/i2c_bios_drv_lib.lib'
  ==>  building archive 'C:/Users/Alex/USB Audio Class/c55x5_drivers/i2c/build/i2c_bios_drv_lib/../../../../c55x5_drivers/lib/Release/i2c_bios_drv_lib.lib'
'Finished building target: C:/Users/Alex/USB Audio Class/c55x5_drivers/i2c/build/i2c_bios_drv_lib/../../../../c55x5_drivers/lib/Release/i2c_bios_drv_lib.lib'
' '

**** Build Finished ****
