
**** Build of configuration Release for project i2s_bios_drv_lib ****

"C:\\Users\\Alex\\ccsv5\\utils\\bin\\gmake" -k all 
'Building file: C:/Users/Alex/USB Audio Class/c55x5_drivers/i2s/src/dda_i2s.c'
'Invoking: C5500 Compiler'
"C:/Users/Alex/ccsv5/tools/compiler/c5500_4.4.1/bin/cl55" -vcpu:3.3 -g -O3 --define="C5535_EZDSP_DEMO" --define="USE_THREE_CODEC" --define="BIOS_BUILD" --define="I2S_POLLED_INTERRUPT" --define="CSL_AC_TEST" --define="PLAY_RECORD" --define="SAMP_24BIT" --include_path="C:/Users/Alex/ccsv5/tools/compiler/c5500_4.4.1/include" --include_path="C:/Users/Alex/USB Audio Class/c55x5_drivers/i2s/build/i2s_bios_drv_lib/Release" --include_path="C:/Users/Alex/bios_5_42_00_07/packages/ti/bios/include" --include_path="C:/Users/Alex/bios_5_42_00_07/packages/ti/rtdx/include/c5500" --include_path="C:/Users/Alex/xdais_7_21_01_07/packages/ti/xdais" --include_path="C:/Users/Alex/USB Audio Class/inc" --include_path="C:/Users/Alex/USB Audio Class/c55x5_drivers/soc/da225/dsp/inc" --include_path="C:/Users/Alex/USB Audio Class/c55x5_drivers/i2s/src" --include_path="C:/Users/Alex/USB Audio Class/c55x5_drivers/i2s/inc" --include_path="C:/Users/Alex/USB Audio Class/c55x5_drivers/inc" --include_path="C:/Users/Alex/USB Audio Class/c55x5_drivers/dma/inc" --include_path="C:/Users/Alex/USB Audio Class/c55x5_drivers/i2c/inc" --include_path="/ASRC/inc" --diag_warning=225 --large_memory_model --obj_directory="C:/Users/Alex/USB Audio Class/c55x5_drivers/i2s/build/Release" --preproc_with_compile --preproc_dependency="dda_i2s.pp"  "C:/Users/Alex/USB Audio Class/c55x5_drivers/i2s/src/dda_i2s.c"
'Finished building: C:/Users/Alex/USB Audio Class/c55x5_drivers/i2s/src/dda_i2s.c'
' '
'Building file: C:/Users/Alex/USB Audio Class/c55x5_drivers/i2s/src/ddc_i2s.c'
'Invoking: C5500 Compiler'
"C:/Users/Alex/ccsv5/tools/compiler/c5500_4.4.1/bin/cl55" -vcpu:3.3 -g -O3 --define="C5535_EZDSP_DEMO" --define="USE_THREE_CODEC" --define="BIOS_BUILD" --define="I2S_POLLED_INTERRUPT" --define="CSL_AC_TEST" --define="PLAY_RECORD" --define="SAMP_24BIT" --include_path="C:/Users/Alex/ccsv5/tools/compiler/c5500_4.4.1/include" --include_path="C:/Users/Alex/USB Audio Class/c55x5_drivers/i2s/build/i2s_bios_drv_lib/Release" --include_path="C:/Users/Alex/bios_5_42_00_07/packages/ti/bios/include" --include_path="C:/Users/Alex/bios_5_42_00_07/packages/ti/rtdx/include/c5500" --include_path="C:/Users/Alex/xdais_7_21_01_07/packages/ti/xdais" --include_path="C:/Users/Alex/USB Audio Class/inc" --include_path="C:/Users/Alex/USB Audio Class/c55x5_drivers/soc/da225/dsp/inc" --include_path="C:/Users/Alex/USB Audio Class/c55x5_drivers/i2s/src" --include_path="C:/Users/Alex/USB Audio Class/c55x5_drivers/i2s/inc" --include_path="C:/Users/Alex/USB Audio Class/c55x5_drivers/inc" --include_path="C:/Users/Alex/USB Audio Class/c55x5_drivers/dma/inc" --include_path="C:/Users/Alex/USB Audio Class/c55x5_drivers/i2c/inc" --include_path="/ASRC/inc" --diag_warning=225 --large_memory_model --obj_directory="C:/Users/Alex/USB Audio Class/c55x5_drivers/i2s/build/Release" --preproc_with_compile --preproc_dependency="ddc_i2s.pp"  "C:/Users/Alex/USB Audio Class/c55x5_drivers/i2s/src/ddc_i2s.c"
'Finished building: C:/Users/Alex/USB Audio Class/c55x5_drivers/i2s/src/ddc_i2s.c'
' '
'Building file: C:/Users/Alex/USB Audio Class/c55x5_drivers/i2s/src/llc_i2s.c'
'Invoking: C5500 Compiler'
"C:/Users/Alex/ccsv5/tools/compiler/c5500_4.4.1/bin/cl55" -vcpu:3.3 -g -O3 --define="C5535_EZDSP_DEMO" --define="USE_THREE_CODEC" --define="BIOS_BUILD" --define="I2S_POLLED_INTERRUPT" --define="CSL_AC_TEST" --define="PLAY_RECORD" --define="SAMP_24BIT" --include_path="C:/Users/Alex/ccsv5/tools/compiler/c5500_4.4.1/include" --include_path="C:/Users/Alex/USB Audio Class/c55x5_drivers/i2s/build/i2s_bios_drv_lib/Release" --include_path="C:/Users/Alex/bios_5_42_00_07/packages/ti/bios/include" --include_path="C:/Users/Alex/bios_5_42_00_07/packages/ti/rtdx/include/c5500" --include_path="C:/Users/Alex/xdais_7_21_01_07/packages/ti/xdais" --include_path="C:/Users/Alex/USB Audio Class/inc" --include_path="C:/Users/Alex/USB Audio Class/c55x5_drivers/soc/da225/dsp/inc" --include_path="C:/Users/Alex/USB Audio Class/c55x5_drivers/i2s/src" --include_path="C:/Users/Alex/USB Audio Class/c55x5_drivers/i2s/inc" --include_path="C:/Users/Alex/USB Audio Class/c55x5_drivers/inc" --include_path="C:/Users/Alex/USB Audio Class/c55x5_drivers/dma/inc" --include_path="C:/Users/Alex/USB Audio Class/c55x5_drivers/i2c/inc" --include_path="/ASRC/inc" --diag_warning=225 --large_memory_model --obj_directory="C:/Users/Alex/USB Audio Class/c55x5_drivers/i2s/build/Release" --preproc_with_compile --preproc_dependency="llc_i2s.pp"  "C:/Users/Alex/USB Audio Class/c55x5_drivers/i2s/src/llc_i2s.c"
'Finished building: C:/Users/Alex/USB Audio Class/c55x5_drivers/i2s/src/llc_i2s.c'
' '
'Building target: C:/Users/Alex/USB Audio Class/c55x5_drivers/i2s/build/i2s_bios_drv_lib/../../../../c55x5_drivers/lib/Release/i2s_bios_drv_lib.lib'
'Invoking: C5500 Archiver'
"C:/Users/Alex/ccsv5/tools/compiler/c5500_4.4.1/bin/ar55" r "C:/Users/Alex/USB Audio Class/c55x5_drivers/i2s/build/i2s_bios_drv_lib/../../../../c55x5_drivers/lib/Release/i2s_bios_drv_lib.lib" "C:/Users/Alex/USB Audio Class/c55x5_drivers/i2s/build/Release/llc_i2s.obj" "C:/Users/Alex/USB Audio Class/c55x5_drivers/i2s/build/Release/ddc_i2s.obj" "C:/Users/Alex/USB Audio Class/c55x5_drivers/i2s/build/Release/dda_i2s.obj" 
  ==>  new archive 'C:/Users/Alex/USB Audio Class/c55x5_drivers/i2s/build/i2s_bios_drv_lib/../../../../c55x5_drivers/lib/Release/i2s_bios_drv_lib.lib'
  ==>  building archive 'C:/Users/Alex/USB Audio Class/c55x5_drivers/i2s/build/i2s_bios_drv_lib/../../../../c55x5_drivers/lib/Release/i2s_bios_drv_lib.lib'
'Finished building target: C:/Users/Alex/USB Audio Class/c55x5_drivers/i2s/build/i2s_bios_drv_lib/../../../../c55x5_drivers/lib/Release/i2s_bios_drv_lib.lib'
' '

**** Build Finished ****
