
**** Build of configuration Release for project palos_bios_lib ****

"C:\\Users\\Alex\\ccsv5\\utils\\bin\\gmake" -k all 
'Building file: C:/Users/Alex/USB Audio Class/c55x5_drivers/pal_os/src/bios/src/pal_osCache.c'
'Invoking: C5500 Compiler'
"C:/Users/Alex/ccsv5/tools/compiler/c5500_4.4.1/bin/cl55" -vcpu:3.3 -g -O2 --define="BIOS_BUILD" --define="C5535_EZDSP_DEMO" --include_path="C:/Users/Alex/ccsv5/tools/compiler/c5500_4.4.1/include" --include_path="C:/Users/Alex/USB Audio Class/c55x5_drivers/pal_os/build/palos_bios_lib/Release" --include_path="C:/Users/Alex/bios_5_42_00_07/packages/ti/bios/include" --include_path="C:/Users/Alex/bios_5_42_00_07/packages/ti/rtdx/include/c5500" --include_path="C:/Users/Alex/xdais_7_21_01_07/packages/ti/xdais" --include_path="C:/Users/Alex/USB Audio Class/c55x5_drivers/pal_os/inc" --include_path="C:/Users/Alex/USB Audio Class/c55x5_drivers/inc" --include_path="C:/Users/Alex/USB Audio Class/c55x5_drivers/soc/da225/dsp/inc" --include_path="C:/Users/Alex/USB Audio Class/c55x5_drivers/pal_os/src/bios/src" --diag_warning=225 --large_memory_model --obj_directory="C:/Users/Alex/USB Audio Class/c55x5_drivers/pal_os/build/Release" --preproc_with_compile --preproc_dependency="pal_osCache.pp"  "C:/Users/Alex/USB Audio Class/c55x5_drivers/pal_os/src/bios/src/pal_osCache.c"
'Finished building: C:/Users/Alex/USB Audio Class/c55x5_drivers/pal_os/src/bios/src/pal_osCache.c'
' '
'Building file: C:/Users/Alex/USB Audio Class/c55x5_drivers/pal_os/src/bios/src/pal_osList.c'
'Invoking: C5500 Compiler'
"C:/Users/Alex/ccsv5/tools/compiler/c5500_4.4.1/bin/cl55" -vcpu:3.3 -g -O2 --define="BIOS_BUILD" --define="C5535_EZDSP_DEMO" --include_path="C:/Users/Alex/ccsv5/tools/compiler/c5500_4.4.1/include" --include_path="C:/Users/Alex/USB Audio Class/c55x5_drivers/pal_os/build/palos_bios_lib/Release" --include_path="C:/Users/Alex/bios_5_42_00_07/packages/ti/bios/include" --include_path="C:/Users/Alex/bios_5_42_00_07/packages/ti/rtdx/include/c5500" --include_path="C:/Users/Alex/xdais_7_21_01_07/packages/ti/xdais" --include_path="C:/Users/Alex/USB Audio Class/c55x5_drivers/pal_os/inc" --include_path="C:/Users/Alex/USB Audio Class/c55x5_drivers/inc" --include_path="C:/Users/Alex/USB Audio Class/c55x5_drivers/soc/da225/dsp/inc" --include_path="C:/Users/Alex/USB Audio Class/c55x5_drivers/pal_os/src/bios/src" --diag_warning=225 --large_memory_model --obj_directory="C:/Users/Alex/USB Audio Class/c55x5_drivers/pal_os/build/Release" --preproc_with_compile --preproc_dependency="pal_osList.pp"  "C:/Users/Alex/USB Audio Class/c55x5_drivers/pal_os/src/bios/src/pal_osList.c"
'Finished building: C:/Users/Alex/USB Audio Class/c55x5_drivers/pal_os/src/bios/src/pal_osList.c'
' '
'Building file: C:/Users/Alex/USB Audio Class/c55x5_drivers/pal_os/src/bios/src/pal_osMem.c'
'Invoking: C5500 Compiler'
"C:/Users/Alex/ccsv5/tools/compiler/c5500_4.4.1/bin/cl55" -vcpu:3.3 -g -O2 --define="BIOS_BUILD" --define="C5535_EZDSP_DEMO" --include_path="C:/Users/Alex/ccsv5/tools/compiler/c5500_4.4.1/include" --include_path="C:/Users/Alex/USB Audio Class/c55x5_drivers/pal_os/build/palos_bios_lib/Release" --include_path="C:/Users/Alex/bios_5_42_00_07/packages/ti/bios/include" --include_path="C:/Users/Alex/bios_5_42_00_07/packages/ti/rtdx/include/c5500" --include_path="C:/Users/Alex/xdais_7_21_01_07/packages/ti/xdais" --include_path="C:/Users/Alex/USB Audio Class/c55x5_drivers/pal_os/inc" --include_path="C:/Users/Alex/USB Audio Class/c55x5_drivers/inc" --include_path="C:/Users/Alex/USB Audio Class/c55x5_drivers/soc/da225/dsp/inc" --include_path="C:/Users/Alex/USB Audio Class/c55x5_drivers/pal_os/src/bios/src" --diag_warning=225 --large_memory_model --obj_directory="C:/Users/Alex/USB Audio Class/c55x5_drivers/pal_os/build/Release" --preproc_with_compile --preproc_dependency="pal_osMem.pp"  "C:/Users/Alex/USB Audio Class/c55x5_drivers/pal_os/src/bios/src/pal_osMem.c"
'Finished building: C:/Users/Alex/USB Audio Class/c55x5_drivers/pal_os/src/bios/src/pal_osMem.c'
' '
'Building file: C:/Users/Alex/USB Audio Class/c55x5_drivers/pal_os/src/bios/src/pal_osprotect.c'
'Invoking: C5500 Compiler'
"C:/Users/Alex/ccsv5/tools/compiler/c5500_4.4.1/bin/cl55" -vcpu:3.3 -g -O2 --define="BIOS_BUILD" --define="C5535_EZDSP_DEMO" --include_path="C:/Users/Alex/ccsv5/tools/compiler/c5500_4.4.1/include" --include_path="C:/Users/Alex/USB Audio Class/c55x5_drivers/pal_os/build/palos_bios_lib/Release" --include_path="C:/Users/Alex/bios_5_42_00_07/packages/ti/bios/include" --include_path="C:/Users/Alex/bios_5_42_00_07/packages/ti/rtdx/include/c5500" --include_path="C:/Users/Alex/xdais_7_21_01_07/packages/ti/xdais" --include_path="C:/Users/Alex/USB Audio Class/c55x5_drivers/pal_os/inc" --include_path="C:/Users/Alex/USB Audio Class/c55x5_drivers/inc" --include_path="C:/Users/Alex/USB Audio Class/c55x5_drivers/soc/da225/dsp/inc" --include_path="C:/Users/Alex/USB Audio Class/c55x5_drivers/pal_os/src/bios/src" --diag_warning=225 --large_memory_model --obj_directory="C:/Users/Alex/USB Audio Class/c55x5_drivers/pal_os/build/Release" --preproc_with_compile --preproc_dependency="pal_osProtect.pp"  "C:/Users/Alex/USB Audio Class/c55x5_drivers/pal_os/src/bios/src/pal_osprotect.c"
'Finished building: C:/Users/Alex/USB Audio Class/c55x5_drivers/pal_os/src/bios/src/pal_osprotect.c'
' '
'Building file: C:/Users/Alex/USB Audio Class/c55x5_drivers/pal_os/src/bios/src/pal_osSem.c'
'Invoking: C5500 Compiler'
"C:/Users/Alex/ccsv5/tools/compiler/c5500_4.4.1/bin/cl55" -vcpu:3.3 -g -O2 --define="BIOS_BUILD" --define="C5535_EZDSP_DEMO" --include_path="C:/Users/Alex/ccsv5/tools/compiler/c5500_4.4.1/include" --include_path="C:/Users/Alex/USB Audio Class/c55x5_drivers/pal_os/build/palos_bios_lib/Release" --include_path="C:/Users/Alex/bios_5_42_00_07/packages/ti/bios/include" --include_path="C:/Users/Alex/bios_5_42_00_07/packages/ti/rtdx/include/c5500" --include_path="C:/Users/Alex/xdais_7_21_01_07/packages/ti/xdais" --include_path="C:/Users/Alex/USB Audio Class/c55x5_drivers/pal_os/inc" --include_path="C:/Users/Alex/USB Audio Class/c55x5_drivers/inc" --include_path="C:/Users/Alex/USB Audio Class/c55x5_drivers/soc/da225/dsp/inc" --include_path="C:/Users/Alex/USB Audio Class/c55x5_drivers/pal_os/src/bios/src" --diag_warning=225 --large_memory_model --obj_directory="C:/Users/Alex/USB Audio Class/c55x5_drivers/pal_os/build/Release" --preproc_with_compile --preproc_dependency="pal_osSem.pp"  "C:/Users/Alex/USB Audio Class/c55x5_drivers/pal_os/src/bios/src/pal_osSem.c"
'Finished building: C:/Users/Alex/USB Audio Class/c55x5_drivers/pal_os/src/bios/src/pal_osSem.c'
' '
'Building file: C:/Users/Alex/USB Audio Class/c55x5_drivers/pal_os/src/bios/src/pal_osTime.c'
'Invoking: C5500 Compiler'
"C:/Users/Alex/ccsv5/tools/compiler/c5500_4.4.1/bin/cl55" -vcpu:3.3 -g -O2 --define="BIOS_BUILD" --define="C5535_EZDSP_DEMO" --include_path="C:/Users/Alex/ccsv5/tools/compiler/c5500_4.4.1/include" --include_path="C:/Users/Alex/USB Audio Class/c55x5_drivers/pal_os/build/palos_bios_lib/Release" --include_path="C:/Users/Alex/bios_5_42_00_07/packages/ti/bios/include" --include_path="C:/Users/Alex/bios_5_42_00_07/packages/ti/rtdx/include/c5500" --include_path="C:/Users/Alex/xdais_7_21_01_07/packages/ti/xdais" --include_path="C:/Users/Alex/USB Audio Class/c55x5_drivers/pal_os/inc" --include_path="C:/Users/Alex/USB Audio Class/c55x5_drivers/inc" --include_path="C:/Users/Alex/USB Audio Class/c55x5_drivers/soc/da225/dsp/inc" --include_path="C:/Users/Alex/USB Audio Class/c55x5_drivers/pal_os/src/bios/src" --diag_warning=225 --large_memory_model --obj_directory="C:/Users/Alex/USB Audio Class/c55x5_drivers/pal_os/build/Release" --preproc_with_compile --preproc_dependency="pal_osTime.pp"  "C:/Users/Alex/USB Audio Class/c55x5_drivers/pal_os/src/bios/src/pal_osTime.c"
'Finished building: C:/Users/Alex/USB Audio Class/c55x5_drivers/pal_os/src/bios/src/pal_osTime.c'
' '
'Building file: C:/Users/Alex/USB Audio Class/c55x5_drivers/pal_os/src/bios/src/pal_osWait.c'
'Invoking: C5500 Compiler'
"C:/Users/Alex/ccsv5/tools/compiler/c5500_4.4.1/bin/cl55" -vcpu:3.3 -g -O2 --define="BIOS_BUILD" --define="C5535_EZDSP_DEMO" --include_path="C:/Users/Alex/ccsv5/tools/compiler/c5500_4.4.1/include" --include_path="C:/Users/Alex/USB Audio Class/c55x5_drivers/pal_os/build/palos_bios_lib/Release" --include_path="C:/Users/Alex/bios_5_42_00_07/packages/ti/bios/include" --include_path="C:/Users/Alex/bios_5_42_00_07/packages/ti/rtdx/include/c5500" --include_path="C:/Users/Alex/xdais_7_21_01_07/packages/ti/xdais" --include_path="C:/Users/Alex/USB Audio Class/c55x5_drivers/pal_os/inc" --include_path="C:/Users/Alex/USB Audio Class/c55x5_drivers/inc" --include_path="C:/Users/Alex/USB Audio Class/c55x5_drivers/soc/da225/dsp/inc" --include_path="C:/Users/Alex/USB Audio Class/c55x5_drivers/pal_os/src/bios/src" --diag_warning=225 --large_memory_model --obj_directory="C:/Users/Alex/USB Audio Class/c55x5_drivers/pal_os/build/Release" --preproc_with_compile --preproc_dependency="pal_osWait.pp"  "C:/Users/Alex/USB Audio Class/c55x5_drivers/pal_os/src/bios/src/pal_osWait.c"
'Finished building: C:/Users/Alex/USB Audio Class/c55x5_drivers/pal_os/src/bios/src/pal_osWait.c'
' '
'Building target: C:/Users/Alex/USB Audio Class/c55x5_drivers/pal_os/build/palos_bios_lib/../../../../c55x5_drivers/lib/release/palos_bios_lib.lib'
'Invoking: C5500 Archiver'
"C:/Users/Alex/ccsv5/tools/compiler/c5500_4.4.1/bin/ar55" r "C:/Users/Alex/USB Audio Class/c55x5_drivers/pal_os/build/palos_bios_lib/../../../../c55x5_drivers/lib/release/palos_bios_lib.lib" "C:/Users/Alex/USB Audio Class/c55x5_drivers/pal_os/build/Release/pal_osWait.obj" "C:/Users/Alex/USB Audio Class/c55x5_drivers/pal_os/build/Release/pal_osTime.obj" "C:/Users/Alex/USB Audio Class/c55x5_drivers/pal_os/build/Release/pal_osSem.obj" "C:/Users/Alex/USB Audio Class/c55x5_drivers/pal_os/build/Release/pal_osprotect.obj" "C:/Users/Alex/USB Audio Class/c55x5_drivers/pal_os/build/Release/pal_osMem.obj" "C:/Users/Alex/USB Audio Class/c55x5_drivers/pal_os/build/Release/pal_osList.obj" "C:/Users/Alex/USB Audio Class/c55x5_drivers/pal_os/build/Release/pal_osCache.obj" 
  ==>  new archive 'C:/Users/Alex/USB Audio Class/c55x5_drivers/pal_os/build/palos_bios_lib/../../../../c55x5_drivers/lib/release/palos_bios_lib.lib'
  ==>  building archive 'C:/Users/Alex/USB Audio Class/c55x5_drivers/pal_os/build/palos_bios_lib/../../../../c55x5_drivers/lib/release/palos_bios_lib.lib'
'Finished building target: C:/Users/Alex/USB Audio Class/c55x5_drivers/pal_os/build/palos_bios_lib/../../../../c55x5_drivers/lib/release/palos_bios_lib.lib'
' '

**** Build Finished ****
